ARM GAS  F:\UTILIS~1\demasson\AppData\Local\Temp\cc4nm93n.s 			page 1


   1              		.cpu cortex-m0
   2              		.fpu softvfp
   3              		.eabi_attribute 20, 1
   4              		.eabi_attribute 21, 1
   5              		.eabi_attribute 23, 3
   6              		.eabi_attribute 24, 1
   7              		.eabi_attribute 25, 1
   8              		.eabi_attribute 26, 1
   9              		.eabi_attribute 30, 6
  10              		.eabi_attribute 34, 0
  11              		.eabi_attribute 18, 4
  12              		.code	16
  13              		.file	"I2CS_I2C_SLAVE.c"
  14              		.text
  15              	.Ltext0:
  16              		.cfi_sections	.debug_frame
  17              		.comm	I2CS_slStatus,1,1
  18              		.comm	I2CS_slWrBufPtr,4,4
  19              		.comm	I2CS_slWrBufSize,4,4
  20              		.comm	I2CS_slWrBufIndex,4,4
  21              		.comm	I2CS_slRdBufPtr,4,4
  22              		.comm	I2CS_slRdBufSize,4,4
  23              		.comm	I2CS_slRdBufIndex,4,4
  24              		.comm	I2CS_slRdBufIndexTmp,4,4
  25              		.comm	I2CS_slOverFlowCount,1,1
  26              		.section	.text.I2CS_I2CSlaveStatus,"ax",%progbits
  27              		.align	2
  28              		.global	I2CS_I2CSlaveStatus
  29              		.code	16
  30              		.thumb_func
  31              		.type	I2CS_I2CSlaveStatus, %function
  32              	I2CS_I2CSlaveStatus:
  33              	.LFB0:
  34              		.file 1 ".\\Generated_Source\\PSoC4\\I2CS_I2C_SLAVE.c"
   1:.\Generated_Source\PSoC4/I2CS_I2C_SLAVE.c **** /*******************************************************************************
   2:.\Generated_Source\PSoC4/I2CS_I2C_SLAVE.c **** * File Name: I2CS_I2C_SLAVE.c
   3:.\Generated_Source\PSoC4/I2CS_I2C_SLAVE.c **** * Version 1.20
   4:.\Generated_Source\PSoC4/I2CS_I2C_SLAVE.c **** *
   5:.\Generated_Source\PSoC4/I2CS_I2C_SLAVE.c **** * Description:
   6:.\Generated_Source\PSoC4/I2CS_I2C_SLAVE.c **** *  This file provides the source code to the API for the SCB Component in
   7:.\Generated_Source\PSoC4/I2CS_I2C_SLAVE.c **** *  I2C Slave mode.
   8:.\Generated_Source\PSoC4/I2CS_I2C_SLAVE.c **** *
   9:.\Generated_Source\PSoC4/I2CS_I2C_SLAVE.c **** * Note:
  10:.\Generated_Source\PSoC4/I2CS_I2C_SLAVE.c **** *
  11:.\Generated_Source\PSoC4/I2CS_I2C_SLAVE.c **** *******************************************************************************
  12:.\Generated_Source\PSoC4/I2CS_I2C_SLAVE.c **** * Copyright 2013-2014, Cypress Semiconductor Corporation.  All rights reserved.
  13:.\Generated_Source\PSoC4/I2CS_I2C_SLAVE.c **** * You may use this file only in accordance with the license, terms, conditions,
  14:.\Generated_Source\PSoC4/I2CS_I2C_SLAVE.c **** * disclaimers, and limitations in the end user license agreement accompanying
  15:.\Generated_Source\PSoC4/I2CS_I2C_SLAVE.c **** * the software package with which this file was provided.
  16:.\Generated_Source\PSoC4/I2CS_I2C_SLAVE.c **** *******************************************************************************/
  17:.\Generated_Source\PSoC4/I2CS_I2C_SLAVE.c **** 
  18:.\Generated_Source\PSoC4/I2CS_I2C_SLAVE.c **** #include "I2CS_I2C_PVT.h"
  19:.\Generated_Source\PSoC4/I2CS_I2C_SLAVE.c **** 
  20:.\Generated_Source\PSoC4/I2CS_I2C_SLAVE.c **** #if(I2CS_I2C_SLAVE_CONST)
  21:.\Generated_Source\PSoC4/I2CS_I2C_SLAVE.c **** 
  22:.\Generated_Source\PSoC4/I2CS_I2C_SLAVE.c **** /***************************************
  23:.\Generated_Source\PSoC4/I2CS_I2C_SLAVE.c **** *      I2C Slave Private Vars
ARM GAS  F:\UTILIS~1\demasson\AppData\Local\Temp\cc4nm93n.s 			page 2


  24:.\Generated_Source\PSoC4/I2CS_I2C_SLAVE.c **** ***************************************/
  25:.\Generated_Source\PSoC4/I2CS_I2C_SLAVE.c **** 
  26:.\Generated_Source\PSoC4/I2CS_I2C_SLAVE.c **** volatile uint8 I2CS_slStatus;          /* Slave Status */
  27:.\Generated_Source\PSoC4/I2CS_I2C_SLAVE.c **** 
  28:.\Generated_Source\PSoC4/I2CS_I2C_SLAVE.c **** /* Receive buffer variables */
  29:.\Generated_Source\PSoC4/I2CS_I2C_SLAVE.c **** volatile uint8 * I2CS_slWrBufPtr;      /* Pointer to Receive buffer  */
  30:.\Generated_Source\PSoC4/I2CS_I2C_SLAVE.c **** volatile uint32  I2CS_slWrBufSize;     /* Slave Receive buffer size  */
  31:.\Generated_Source\PSoC4/I2CS_I2C_SLAVE.c **** volatile uint32  I2CS_slWrBufIndex;    /* Slave Receive buffer Index */
  32:.\Generated_Source\PSoC4/I2CS_I2C_SLAVE.c **** 
  33:.\Generated_Source\PSoC4/I2CS_I2C_SLAVE.c **** /* Transmit buffer variables */
  34:.\Generated_Source\PSoC4/I2CS_I2C_SLAVE.c **** volatile uint8 * I2CS_slRdBufPtr;      /* Pointer to Transmit buffer  */
  35:.\Generated_Source\PSoC4/I2CS_I2C_SLAVE.c **** volatile uint32  I2CS_slRdBufSize;     /* Slave Transmit buffer size  */
  36:.\Generated_Source\PSoC4/I2CS_I2C_SLAVE.c **** volatile uint32  I2CS_slRdBufIndex;    /* Slave Transmit buffer Index */
  37:.\Generated_Source\PSoC4/I2CS_I2C_SLAVE.c **** volatile uint32  I2CS_slRdBufIndexTmp; /* Slave Transmit buffer Index Tmp */
  38:.\Generated_Source\PSoC4/I2CS_I2C_SLAVE.c **** volatile uint8   I2CS_slOverFlowCount; /* Slave Transmit Overflow counter */
  39:.\Generated_Source\PSoC4/I2CS_I2C_SLAVE.c **** 
  40:.\Generated_Source\PSoC4/I2CS_I2C_SLAVE.c **** 
  41:.\Generated_Source\PSoC4/I2CS_I2C_SLAVE.c **** /*******************************************************************************
  42:.\Generated_Source\PSoC4/I2CS_I2C_SLAVE.c **** * Function Name: I2CS_I2CSlaveStatus
  43:.\Generated_Source\PSoC4/I2CS_I2C_SLAVE.c **** ********************************************************************************
  44:.\Generated_Source\PSoC4/I2CS_I2C_SLAVE.c **** *
  45:.\Generated_Source\PSoC4/I2CS_I2C_SLAVE.c **** * Summary:
  46:.\Generated_Source\PSoC4/I2CS_I2C_SLAVE.c **** *  Returns the I2C slave's communication status.
  47:.\Generated_Source\PSoC4/I2CS_I2C_SLAVE.c **** *
  48:.\Generated_Source\PSoC4/I2CS_I2C_SLAVE.c **** * Parameters:
  49:.\Generated_Source\PSoC4/I2CS_I2C_SLAVE.c **** *  None
  50:.\Generated_Source\PSoC4/I2CS_I2C_SLAVE.c **** *
  51:.\Generated_Source\PSoC4/I2CS_I2C_SLAVE.c **** * Return:
  52:.\Generated_Source\PSoC4/I2CS_I2C_SLAVE.c **** *  Current status of I2C slave.
  53:.\Generated_Source\PSoC4/I2CS_I2C_SLAVE.c **** *
  54:.\Generated_Source\PSoC4/I2CS_I2C_SLAVE.c **** * Global variables:
  55:.\Generated_Source\PSoC4/I2CS_I2C_SLAVE.c **** *  I2CS_slStatus - used to store current status of I2C slave.
  56:.\Generated_Source\PSoC4/I2CS_I2C_SLAVE.c **** *
  57:.\Generated_Source\PSoC4/I2CS_I2C_SLAVE.c **** *******************************************************************************/
  58:.\Generated_Source\PSoC4/I2CS_I2C_SLAVE.c **** uint32 I2CS_I2CSlaveStatus(void)
  59:.\Generated_Source\PSoC4/I2CS_I2C_SLAVE.c **** {
  35              		.loc 1 59 0
  36              		.cfi_startproc
  37 0000 80B5     		push	{r7, lr}
  38              	.LCFI0:
  39              		.cfi_def_cfa_offset 8
  40              		.cfi_offset 7, -8
  41              		.cfi_offset 14, -4
  42 0002 00AF     		add	r7, sp, #0
  43              	.LCFI1:
  44              		.cfi_def_cfa_register 7
  60:.\Generated_Source\PSoC4/I2CS_I2C_SLAVE.c ****     return((uint32) I2CS_slStatus);
  45              		.loc 1 60 0
  46 0004 024B     		ldr	r3, .L3
  47 0006 1B78     		ldrb	r3, [r3]
  48 0008 DBB2     		uxtb	r3, r3
  61:.\Generated_Source\PSoC4/I2CS_I2C_SLAVE.c **** }
  49              		.loc 1 61 0
  50 000a 181C     		mov	r0, r3
  51 000c BD46     		mov	sp, r7
  52              		@ sp needed for prologue
  53 000e 80BD     		pop	{r7, pc}
ARM GAS  F:\UTILIS~1\demasson\AppData\Local\Temp\cc4nm93n.s 			page 3


  54              	.L4:
  55              		.align	2
  56              	.L3:
  57 0010 00000000 		.word	I2CS_slStatus
  58              		.cfi_endproc
  59              	.LFE0:
  60              		.size	I2CS_I2CSlaveStatus, .-I2CS_I2CSlaveStatus
  61              		.section	.text.I2CS_I2CSlaveClearReadStatus,"ax",%progbits
  62              		.align	2
  63              		.global	I2CS_I2CSlaveClearReadStatus
  64              		.code	16
  65              		.thumb_func
  66              		.type	I2CS_I2CSlaveClearReadStatus, %function
  67              	I2CS_I2CSlaveClearReadStatus:
  68              	.LFB1:
  62:.\Generated_Source\PSoC4/I2CS_I2C_SLAVE.c **** 
  63:.\Generated_Source\PSoC4/I2CS_I2C_SLAVE.c **** 
  64:.\Generated_Source\PSoC4/I2CS_I2C_SLAVE.c **** /*******************************************************************************
  65:.\Generated_Source\PSoC4/I2CS_I2C_SLAVE.c **** * Function Name: I2CS_I2CSlaveClearReadStatus
  66:.\Generated_Source\PSoC4/I2CS_I2C_SLAVE.c **** ********************************************************************************
  67:.\Generated_Source\PSoC4/I2CS_I2C_SLAVE.c **** *
  68:.\Generated_Source\PSoC4/I2CS_I2C_SLAVE.c **** * Summary:
  69:.\Generated_Source\PSoC4/I2CS_I2C_SLAVE.c **** *  Clears the read status flags and returns their values. No other status flags
  70:.\Generated_Source\PSoC4/I2CS_I2C_SLAVE.c **** *  are affected.
  71:.\Generated_Source\PSoC4/I2CS_I2C_SLAVE.c **** *
  72:.\Generated_Source\PSoC4/I2CS_I2C_SLAVE.c **** * Parameters:
  73:.\Generated_Source\PSoC4/I2CS_I2C_SLAVE.c **** *  None
  74:.\Generated_Source\PSoC4/I2CS_I2C_SLAVE.c **** *
  75:.\Generated_Source\PSoC4/I2CS_I2C_SLAVE.c **** * Return:
  76:.\Generated_Source\PSoC4/I2CS_I2C_SLAVE.c **** *  Current read status of I2C slave.
  77:.\Generated_Source\PSoC4/I2CS_I2C_SLAVE.c **** *
  78:.\Generated_Source\PSoC4/I2CS_I2C_SLAVE.c **** * Global variables:
  79:.\Generated_Source\PSoC4/I2CS_I2C_SLAVE.c **** *  I2CS_slStatus  - used to store current status of I2C slave.
  80:.\Generated_Source\PSoC4/I2CS_I2C_SLAVE.c **** *
  81:.\Generated_Source\PSoC4/I2CS_I2C_SLAVE.c **** *******************************************************************************/
  82:.\Generated_Source\PSoC4/I2CS_I2C_SLAVE.c **** uint32 I2CS_I2CSlaveClearReadStatus(void)
  83:.\Generated_Source\PSoC4/I2CS_I2C_SLAVE.c **** {
  69              		.loc 1 83 0
  70              		.cfi_startproc
  71 0000 80B5     		push	{r7, lr}
  72              	.LCFI2:
  73              		.cfi_def_cfa_offset 8
  74              		.cfi_offset 7, -8
  75              		.cfi_offset 14, -4
  76 0002 82B0     		sub	sp, sp, #8
  77              	.LCFI3:
  78              		.cfi_def_cfa_offset 16
  79 0004 00AF     		add	r7, sp, #0
  80              	.LCFI4:
  81              		.cfi_def_cfa_register 7
  84:.\Generated_Source\PSoC4/I2CS_I2C_SLAVE.c ****     uint32 status;
  85:.\Generated_Source\PSoC4/I2CS_I2C_SLAVE.c **** 
  86:.\Generated_Source\PSoC4/I2CS_I2C_SLAVE.c ****     /* Mask of transfer complete flag and error status */
  87:.\Generated_Source\PSoC4/I2CS_I2C_SLAVE.c ****     status = ((uint32) I2CS_slStatus & I2CS_I2C_SSTAT_RD_MASK);
  82              		.loc 1 87 0
  83 0006 0A4B     		ldr	r3, .L7
  84 0008 1B78     		ldrb	r3, [r3]
ARM GAS  F:\UTILIS~1\demasson\AppData\Local\Temp\cc4nm93n.s 			page 4


  85 000a DBB2     		uxtb	r3, r3
  86 000c 1A1C     		mov	r2, r3
  87 000e 0F23     		mov	r3, #15
  88 0010 1340     		and	r3, r2
  89 0012 7B60     		str	r3, [r7, #4]
  88:.\Generated_Source\PSoC4/I2CS_I2C_SLAVE.c ****     I2CS_slStatus &= (uint8) ~I2CS_I2C_SSTAT_RD_CLEAR;
  90              		.loc 1 88 0
  91 0014 064B     		ldr	r3, .L7
  92 0016 1B78     		ldrb	r3, [r3]
  93 0018 DBB2     		uxtb	r3, r3
  94 001a 0D22     		mov	r2, #13
  95 001c 9343     		bic	r3, r2
  96 001e DAB2     		uxtb	r2, r3
  97 0020 034B     		ldr	r3, .L7
  98 0022 1A70     		strb	r2, [r3]
  89:.\Generated_Source\PSoC4/I2CS_I2C_SLAVE.c **** 
  90:.\Generated_Source\PSoC4/I2CS_I2C_SLAVE.c ****     return(status);
  99              		.loc 1 90 0
 100 0024 7B68     		ldr	r3, [r7, #4]
  91:.\Generated_Source\PSoC4/I2CS_I2C_SLAVE.c **** }
 101              		.loc 1 91 0
 102 0026 181C     		mov	r0, r3
 103 0028 BD46     		mov	sp, r7
 104 002a 02B0     		add	sp, sp, #8
 105              		@ sp needed for prologue
 106 002c 80BD     		pop	{r7, pc}
 107              	.L8:
 108 002e C046     		.align	2
 109              	.L7:
 110 0030 00000000 		.word	I2CS_slStatus
 111              		.cfi_endproc
 112              	.LFE1:
 113              		.size	I2CS_I2CSlaveClearReadStatus, .-I2CS_I2CSlaveClearReadStatus
 114              		.section	.text.I2CS_I2CSlaveClearWriteStatus,"ax",%progbits
 115              		.align	2
 116              		.global	I2CS_I2CSlaveClearWriteStatus
 117              		.code	16
 118              		.thumb_func
 119              		.type	I2CS_I2CSlaveClearWriteStatus, %function
 120              	I2CS_I2CSlaveClearWriteStatus:
 121              	.LFB2:
  92:.\Generated_Source\PSoC4/I2CS_I2C_SLAVE.c **** 
  93:.\Generated_Source\PSoC4/I2CS_I2C_SLAVE.c **** 
  94:.\Generated_Source\PSoC4/I2CS_I2C_SLAVE.c **** /*******************************************************************************
  95:.\Generated_Source\PSoC4/I2CS_I2C_SLAVE.c **** * Function Name: I2CS_I2CSlaveClearWriteStatus
  96:.\Generated_Source\PSoC4/I2CS_I2C_SLAVE.c **** ********************************************************************************
  97:.\Generated_Source\PSoC4/I2CS_I2C_SLAVE.c **** *
  98:.\Generated_Source\PSoC4/I2CS_I2C_SLAVE.c **** * Summary:
  99:.\Generated_Source\PSoC4/I2CS_I2C_SLAVE.c **** *  Clears the write status flags and returns their values. No other status flags
 100:.\Generated_Source\PSoC4/I2CS_I2C_SLAVE.c **** *  are affected.
 101:.\Generated_Source\PSoC4/I2CS_I2C_SLAVE.c **** *
 102:.\Generated_Source\PSoC4/I2CS_I2C_SLAVE.c **** * Parameters:
 103:.\Generated_Source\PSoC4/I2CS_I2C_SLAVE.c **** *  None
 104:.\Generated_Source\PSoC4/I2CS_I2C_SLAVE.c **** *
 105:.\Generated_Source\PSoC4/I2CS_I2C_SLAVE.c **** * Return:
 106:.\Generated_Source\PSoC4/I2CS_I2C_SLAVE.c **** *  Current write status of I2C slave.
 107:.\Generated_Source\PSoC4/I2CS_I2C_SLAVE.c **** *
ARM GAS  F:\UTILIS~1\demasson\AppData\Local\Temp\cc4nm93n.s 			page 5


 108:.\Generated_Source\PSoC4/I2CS_I2C_SLAVE.c **** * Global variables:
 109:.\Generated_Source\PSoC4/I2CS_I2C_SLAVE.c **** *  I2CS_slStatus  - used to store current status of I2C slave.
 110:.\Generated_Source\PSoC4/I2CS_I2C_SLAVE.c **** *
 111:.\Generated_Source\PSoC4/I2CS_I2C_SLAVE.c **** *******************************************************************************/
 112:.\Generated_Source\PSoC4/I2CS_I2C_SLAVE.c **** uint32 I2CS_I2CSlaveClearWriteStatus(void)
 113:.\Generated_Source\PSoC4/I2CS_I2C_SLAVE.c **** {
 122              		.loc 1 113 0
 123              		.cfi_startproc
 124 0000 80B5     		push	{r7, lr}
 125              	.LCFI5:
 126              		.cfi_def_cfa_offset 8
 127              		.cfi_offset 7, -8
 128              		.cfi_offset 14, -4
 129 0002 82B0     		sub	sp, sp, #8
 130              	.LCFI6:
 131              		.cfi_def_cfa_offset 16
 132 0004 00AF     		add	r7, sp, #0
 133              	.LCFI7:
 134              		.cfi_def_cfa_register 7
 114:.\Generated_Source\PSoC4/I2CS_I2C_SLAVE.c ****     uint32 status;
 115:.\Generated_Source\PSoC4/I2CS_I2C_SLAVE.c **** 
 116:.\Generated_Source\PSoC4/I2CS_I2C_SLAVE.c ****     /* Mask of transfer complete flag and Error status */
 117:.\Generated_Source\PSoC4/I2CS_I2C_SLAVE.c ****     status = ((uint32) I2CS_slStatus & I2CS_I2C_SSTAT_WR_MASK);
 135              		.loc 1 117 0
 136 0006 0A4B     		ldr	r3, .L11
 137 0008 1B78     		ldrb	r3, [r3]
 138 000a DBB2     		uxtb	r3, r3
 139 000c 1A1C     		mov	r2, r3
 140 000e F023     		mov	r3, #240
 141 0010 1340     		and	r3, r2
 142 0012 7B60     		str	r3, [r7, #4]
 118:.\Generated_Source\PSoC4/I2CS_I2C_SLAVE.c ****     I2CS_slStatus &= (uint8) ~I2CS_I2C_SSTAT_WR_CLEAR;
 143              		.loc 1 118 0
 144 0014 064B     		ldr	r3, .L11
 145 0016 1B78     		ldrb	r3, [r3]
 146 0018 DAB2     		uxtb	r2, r3
 147 001a 2F23     		mov	r3, #47
 148 001c 1340     		and	r3, r2
 149 001e DAB2     		uxtb	r2, r3
 150 0020 034B     		ldr	r3, .L11
 151 0022 1A70     		strb	r2, [r3]
 119:.\Generated_Source\PSoC4/I2CS_I2C_SLAVE.c **** 
 120:.\Generated_Source\PSoC4/I2CS_I2C_SLAVE.c ****     return(status);
 152              		.loc 1 120 0
 153 0024 7B68     		ldr	r3, [r7, #4]
 121:.\Generated_Source\PSoC4/I2CS_I2C_SLAVE.c **** }
 154              		.loc 1 121 0
 155 0026 181C     		mov	r0, r3
 156 0028 BD46     		mov	sp, r7
 157 002a 02B0     		add	sp, sp, #8
 158              		@ sp needed for prologue
 159 002c 80BD     		pop	{r7, pc}
 160              	.L12:
 161 002e C046     		.align	2
 162              	.L11:
 163 0030 00000000 		.word	I2CS_slStatus
 164              		.cfi_endproc
ARM GAS  F:\UTILIS~1\demasson\AppData\Local\Temp\cc4nm93n.s 			page 6


 165              	.LFE2:
 166              		.size	I2CS_I2CSlaveClearWriteStatus, .-I2CS_I2CSlaveClearWriteStatus
 167              		.section	.text.I2CS_I2CSlaveSetAddress,"ax",%progbits
 168              		.align	2
 169              		.global	I2CS_I2CSlaveSetAddress
 170              		.code	16
 171              		.thumb_func
 172              		.type	I2CS_I2CSlaveSetAddress, %function
 173              	I2CS_I2CSlaveSetAddress:
 174              	.LFB3:
 122:.\Generated_Source\PSoC4/I2CS_I2C_SLAVE.c **** 
 123:.\Generated_Source\PSoC4/I2CS_I2C_SLAVE.c **** 
 124:.\Generated_Source\PSoC4/I2CS_I2C_SLAVE.c **** /*******************************************************************************
 125:.\Generated_Source\PSoC4/I2CS_I2C_SLAVE.c **** * Function Name: I2CS_I2CSlaveSetAddress
 126:.\Generated_Source\PSoC4/I2CS_I2C_SLAVE.c **** ********************************************************************************
 127:.\Generated_Source\PSoC4/I2CS_I2C_SLAVE.c **** *
 128:.\Generated_Source\PSoC4/I2CS_I2C_SLAVE.c **** * Summary:
 129:.\Generated_Source\PSoC4/I2CS_I2C_SLAVE.c **** *  Sets the I2C slave address.
 130:.\Generated_Source\PSoC4/I2CS_I2C_SLAVE.c **** *
 131:.\Generated_Source\PSoC4/I2CS_I2C_SLAVE.c **** * Parameters:
 132:.\Generated_Source\PSoC4/I2CS_I2C_SLAVE.c **** *  address: I2C slave address for the primary device. This value may be any
 133:.\Generated_Source\PSoC4/I2CS_I2C_SLAVE.c **** *  address between 0 and 127.
 134:.\Generated_Source\PSoC4/I2CS_I2C_SLAVE.c **** *
 135:.\Generated_Source\PSoC4/I2CS_I2C_SLAVE.c **** * Return:
 136:.\Generated_Source\PSoC4/I2CS_I2C_SLAVE.c **** *  None
 137:.\Generated_Source\PSoC4/I2CS_I2C_SLAVE.c **** *
 138:.\Generated_Source\PSoC4/I2CS_I2C_SLAVE.c **** *******************************************************************************/
 139:.\Generated_Source\PSoC4/I2CS_I2C_SLAVE.c **** void I2CS_I2CSlaveSetAddress(uint32 address)
 140:.\Generated_Source\PSoC4/I2CS_I2C_SLAVE.c **** {
 175              		.loc 1 140 0
 176              		.cfi_startproc
 177 0000 80B5     		push	{r7, lr}
 178              	.LCFI8:
 179              		.cfi_def_cfa_offset 8
 180              		.cfi_offset 7, -8
 181              		.cfi_offset 14, -4
 182 0002 84B0     		sub	sp, sp, #16
 183              	.LCFI9:
 184              		.cfi_def_cfa_offset 24
 185 0004 00AF     		add	r7, sp, #0
 186              	.LCFI10:
 187              		.cfi_def_cfa_register 7
 188 0006 7860     		str	r0, [r7, #4]
 141:.\Generated_Source\PSoC4/I2CS_I2C_SLAVE.c ****     uint32 matchReg;
 142:.\Generated_Source\PSoC4/I2CS_I2C_SLAVE.c **** 
 143:.\Generated_Source\PSoC4/I2CS_I2C_SLAVE.c ****     matchReg = I2CS_RX_MATCH_REG;
 189              		.loc 1 143 0
 190 0008 094B     		ldr	r3, .L14
 191 000a 1B68     		ldr	r3, [r3]
 192 000c FB60     		str	r3, [r7, #12]
 144:.\Generated_Source\PSoC4/I2CS_I2C_SLAVE.c **** 
 145:.\Generated_Source\PSoC4/I2CS_I2C_SLAVE.c ****     matchReg &= ((uint32) ~I2CS_RX_MATCH_ADDR_MASK); /* Clear address bits */
 193              		.loc 1 145 0
 194 000e FB68     		ldr	r3, [r7, #12]
 195 0010 FF22     		mov	r2, #255
 196 0012 9343     		bic	r3, r2
 197 0014 FB60     		str	r3, [r7, #12]
ARM GAS  F:\UTILIS~1\demasson\AppData\Local\Temp\cc4nm93n.s 			page 7


 146:.\Generated_Source\PSoC4/I2CS_I2C_SLAVE.c ****     matchReg |= ((uint32)  I2CS_GET_I2C_8BIT_ADDRESS(address));
 198              		.loc 1 146 0
 199 0016 7B68     		ldr	r3, [r7, #4]
 200 0018 5A00     		lsl	r2, r3, #1
 201 001a FF23     		mov	r3, #255
 202 001c 1340     		and	r3, r2
 203 001e FA68     		ldr	r2, [r7, #12]
 204 0020 1343     		orr	r3, r2
 205 0022 FB60     		str	r3, [r7, #12]
 147:.\Generated_Source\PSoC4/I2CS_I2C_SLAVE.c **** 
 148:.\Generated_Source\PSoC4/I2CS_I2C_SLAVE.c ****     I2CS_RX_MATCH_REG = matchReg;
 206              		.loc 1 148 0
 207 0024 024B     		ldr	r3, .L14
 208 0026 FA68     		ldr	r2, [r7, #12]
 209 0028 1A60     		str	r2, [r3]
 149:.\Generated_Source\PSoC4/I2CS_I2C_SLAVE.c **** }
 210              		.loc 1 149 0
 211 002a BD46     		mov	sp, r7
 212 002c 04B0     		add	sp, sp, #16
 213              		@ sp needed for prologue
 214 002e 80BD     		pop	{r7, pc}
 215              	.L15:
 216              		.align	2
 217              	.L14:
 218 0030 10030640 		.word	1074135824
 219              		.cfi_endproc
 220              	.LFE3:
 221              		.size	I2CS_I2CSlaveSetAddress, .-I2CS_I2CSlaveSetAddress
 222              		.section	.text.I2CS_I2CSlaveSetAddressMask,"ax",%progbits
 223              		.align	2
 224              		.global	I2CS_I2CSlaveSetAddressMask
 225              		.code	16
 226              		.thumb_func
 227              		.type	I2CS_I2CSlaveSetAddressMask, %function
 228              	I2CS_I2CSlaveSetAddressMask:
 229              	.LFB4:
 150:.\Generated_Source\PSoC4/I2CS_I2C_SLAVE.c **** 
 151:.\Generated_Source\PSoC4/I2CS_I2C_SLAVE.c **** 
 152:.\Generated_Source\PSoC4/I2CS_I2C_SLAVE.c **** /*******************************************************************************
 153:.\Generated_Source\PSoC4/I2CS_I2C_SLAVE.c **** * Function Name: I2CS_I2CSlaveSetAddressMask
 154:.\Generated_Source\PSoC4/I2CS_I2C_SLAVE.c **** ********************************************************************************
 155:.\Generated_Source\PSoC4/I2CS_I2C_SLAVE.c **** *
 156:.\Generated_Source\PSoC4/I2CS_I2C_SLAVE.c **** * Summary:
 157:.\Generated_Source\PSoC4/I2CS_I2C_SLAVE.c **** *  Sets the I2C slave address mask.
 158:.\Generated_Source\PSoC4/I2CS_I2C_SLAVE.c **** *
 159:.\Generated_Source\PSoC4/I2CS_I2C_SLAVE.c **** * Parameters:
 160:.\Generated_Source\PSoC4/I2CS_I2C_SLAVE.c **** *  addressMask: Address mask.
 161:.\Generated_Source\PSoC4/I2CS_I2C_SLAVE.c **** *   0 - address bit does not care while comparison.
 162:.\Generated_Source\PSoC4/I2CS_I2C_SLAVE.c **** *   1 - address bit is significant while comparison.
 163:.\Generated_Source\PSoC4/I2CS_I2C_SLAVE.c **** *
 164:.\Generated_Source\PSoC4/I2CS_I2C_SLAVE.c **** * Return:
 165:.\Generated_Source\PSoC4/I2CS_I2C_SLAVE.c **** *  None
 166:.\Generated_Source\PSoC4/I2CS_I2C_SLAVE.c **** *
 167:.\Generated_Source\PSoC4/I2CS_I2C_SLAVE.c **** *******************************************************************************/
 168:.\Generated_Source\PSoC4/I2CS_I2C_SLAVE.c **** void I2CS_I2CSlaveSetAddressMask(uint32 addressMask)
 169:.\Generated_Source\PSoC4/I2CS_I2C_SLAVE.c **** {
 230              		.loc 1 169 0
ARM GAS  F:\UTILIS~1\demasson\AppData\Local\Temp\cc4nm93n.s 			page 8


 231              		.cfi_startproc
 232 0000 80B5     		push	{r7, lr}
 233              	.LCFI11:
 234              		.cfi_def_cfa_offset 8
 235              		.cfi_offset 7, -8
 236              		.cfi_offset 14, -4
 237 0002 84B0     		sub	sp, sp, #16
 238              	.LCFI12:
 239              		.cfi_def_cfa_offset 24
 240 0004 00AF     		add	r7, sp, #0
 241              	.LCFI13:
 242              		.cfi_def_cfa_register 7
 243 0006 7860     		str	r0, [r7, #4]
 170:.\Generated_Source\PSoC4/I2CS_I2C_SLAVE.c ****     uint32 matchReg;
 171:.\Generated_Source\PSoC4/I2CS_I2C_SLAVE.c **** 
 172:.\Generated_Source\PSoC4/I2CS_I2C_SLAVE.c ****     matchReg = I2CS_RX_MATCH_REG;
 244              		.loc 1 172 0
 245 0008 084B     		ldr	r3, .L17
 246 000a 1B68     		ldr	r3, [r3]
 247 000c FB60     		str	r3, [r7, #12]
 173:.\Generated_Source\PSoC4/I2CS_I2C_SLAVE.c **** 
 174:.\Generated_Source\PSoC4/I2CS_I2C_SLAVE.c ****     matchReg &= ((uint32) ~I2CS_RX_MATCH_MASK_MASK); /* Clear address mask bits */
 248              		.loc 1 174 0
 249 000e FA68     		ldr	r2, [r7, #12]
 250 0010 074B     		ldr	r3, .L17+4
 251 0012 1340     		and	r3, r2
 252 0014 FB60     		str	r3, [r7, #12]
 175:.\Generated_Source\PSoC4/I2CS_I2C_SLAVE.c ****     matchReg |= ((uint32) (addressMask << I2CS_RX_MATCH_MASK_POS));
 253              		.loc 1 175 0
 254 0016 7B68     		ldr	r3, [r7, #4]
 255 0018 1B04     		lsl	r3, r3, #16
 256 001a FA68     		ldr	r2, [r7, #12]
 257 001c 1343     		orr	r3, r2
 258 001e FB60     		str	r3, [r7, #12]
 176:.\Generated_Source\PSoC4/I2CS_I2C_SLAVE.c **** 
 177:.\Generated_Source\PSoC4/I2CS_I2C_SLAVE.c ****     I2CS_RX_MATCH_REG = matchReg;
 259              		.loc 1 177 0
 260 0020 024B     		ldr	r3, .L17
 261 0022 FA68     		ldr	r2, [r7, #12]
 262 0024 1A60     		str	r2, [r3]
 178:.\Generated_Source\PSoC4/I2CS_I2C_SLAVE.c **** }
 263              		.loc 1 178 0
 264 0026 BD46     		mov	sp, r7
 265 0028 04B0     		add	sp, sp, #16
 266              		@ sp needed for prologue
 267 002a 80BD     		pop	{r7, pc}
 268              	.L18:
 269              		.align	2
 270              	.L17:
 271 002c 10030640 		.word	1074135824
 272 0030 FFFF00FF 		.word	-16711681
 273              		.cfi_endproc
 274              	.LFE4:
 275              		.size	I2CS_I2CSlaveSetAddressMask, .-I2CS_I2CSlaveSetAddressMask
 276              		.section	.text.I2CS_I2CSlaveInitReadBuf,"ax",%progbits
 277              		.align	2
 278              		.global	I2CS_I2CSlaveInitReadBuf
ARM GAS  F:\UTILIS~1\demasson\AppData\Local\Temp\cc4nm93n.s 			page 9


 279              		.code	16
 280              		.thumb_func
 281              		.type	I2CS_I2CSlaveInitReadBuf, %function
 282              	I2CS_I2CSlaveInitReadBuf:
 283              	.LFB5:
 179:.\Generated_Source\PSoC4/I2CS_I2C_SLAVE.c **** 
 180:.\Generated_Source\PSoC4/I2CS_I2C_SLAVE.c **** 
 181:.\Generated_Source\PSoC4/I2CS_I2C_SLAVE.c **** /*******************************************************************************
 182:.\Generated_Source\PSoC4/I2CS_I2C_SLAVE.c **** * Function Name: I2CS_I2CSlaveInitReadBuf
 183:.\Generated_Source\PSoC4/I2CS_I2C_SLAVE.c **** ********************************************************************************
 184:.\Generated_Source\PSoC4/I2CS_I2C_SLAVE.c **** *
 185:.\Generated_Source\PSoC4/I2CS_I2C_SLAVE.c **** * Summary:
 186:.\Generated_Source\PSoC4/I2CS_I2C_SLAVE.c **** *  Sets the buffer pointer and size of the read buffer. This function also
 187:.\Generated_Source\PSoC4/I2CS_I2C_SLAVE.c **** *  resets the transfer count returned with the I2C_SlaveGetReadBufSize function.
 188:.\Generated_Source\PSoC4/I2CS_I2C_SLAVE.c **** *
 189:.\Generated_Source\PSoC4/I2CS_I2C_SLAVE.c **** * Parameters:
 190:.\Generated_Source\PSoC4/I2CS_I2C_SLAVE.c **** *  readBuf:  Pointer to the data buffer to be read by the master.
 191:.\Generated_Source\PSoC4/I2CS_I2C_SLAVE.c **** *  bufSize:  Size of the read buffer exposed to the I2C master.
 192:.\Generated_Source\PSoC4/I2CS_I2C_SLAVE.c **** *
 193:.\Generated_Source\PSoC4/I2CS_I2C_SLAVE.c **** * Return:
 194:.\Generated_Source\PSoC4/I2CS_I2C_SLAVE.c **** *  None
 195:.\Generated_Source\PSoC4/I2CS_I2C_SLAVE.c **** *
 196:.\Generated_Source\PSoC4/I2CS_I2C_SLAVE.c **** * Global variables:
 197:.\Generated_Source\PSoC4/I2CS_I2C_SLAVE.c **** *  I2CS_slRdBufPtr   - used to store pointer to slave read buffer.
 198:.\Generated_Source\PSoC4/I2CS_I2C_SLAVE.c **** *  I2CS_slRdBufSize  - used to store salve read buffer size.
 199:.\Generated_Source\PSoC4/I2CS_I2C_SLAVE.c **** *  I2CS_slRdBufIndex - used to store current index within slave
 200:.\Generated_Source\PSoC4/I2CS_I2C_SLAVE.c **** *  read buffer.
 201:.\Generated_Source\PSoC4/I2CS_I2C_SLAVE.c **** *
 202:.\Generated_Source\PSoC4/I2CS_I2C_SLAVE.c **** * Side Effects:
 203:.\Generated_Source\PSoC4/I2CS_I2C_SLAVE.c **** *  If this function is called during a bus transaction, data from the previous
 204:.\Generated_Source\PSoC4/I2CS_I2C_SLAVE.c **** *  buffer location and the beginning of current buffer may be transmitted.
 205:.\Generated_Source\PSoC4/I2CS_I2C_SLAVE.c **** *
 206:.\Generated_Source\PSoC4/I2CS_I2C_SLAVE.c **** *******************************************************************************/
 207:.\Generated_Source\PSoC4/I2CS_I2C_SLAVE.c **** void I2CS_I2CSlaveInitReadBuf(uint8 * rdBuf, uint32 bufSize)
 208:.\Generated_Source\PSoC4/I2CS_I2C_SLAVE.c **** {
 284              		.loc 1 208 0
 285              		.cfi_startproc
 286 0000 80B5     		push	{r7, lr}
 287              	.LCFI14:
 288              		.cfi_def_cfa_offset 8
 289              		.cfi_offset 7, -8
 290              		.cfi_offset 14, -4
 291 0002 82B0     		sub	sp, sp, #8
 292              	.LCFI15:
 293              		.cfi_def_cfa_offset 16
 294 0004 00AF     		add	r7, sp, #0
 295              	.LCFI16:
 296              		.cfi_def_cfa_register 7
 297 0006 7860     		str	r0, [r7, #4]
 298 0008 3960     		str	r1, [r7]
 209:.\Generated_Source\PSoC4/I2CS_I2C_SLAVE.c ****     /* Check for proper buffer */
 210:.\Generated_Source\PSoC4/I2CS_I2C_SLAVE.c ****     if(NULL != rdBuf)
 299              		.loc 1 210 0
 300 000a 7B68     		ldr	r3, [r7, #4]
 301 000c 002B     		cmp	r3, #0
 302 000e 0BD0     		beq	.L19
 211:.\Generated_Source\PSoC4/I2CS_I2C_SLAVE.c ****     {
ARM GAS  F:\UTILIS~1\demasson\AppData\Local\Temp\cc4nm93n.s 			page 10


 212:.\Generated_Source\PSoC4/I2CS_I2C_SLAVE.c ****         I2CS_slRdBufPtr      = (volatile uint8 *) rdBuf; /* Set buffer pointer  */
 303              		.loc 1 212 0
 304 0010 074B     		ldr	r3, .L21
 305 0012 7A68     		ldr	r2, [r7, #4]
 306 0014 1A60     		str	r2, [r3]
 213:.\Generated_Source\PSoC4/I2CS_I2C_SLAVE.c ****         I2CS_slRdBufSize     = bufSize;                  /* Set buffer size     */
 307              		.loc 1 213 0
 308 0016 074B     		ldr	r3, .L21+4
 309 0018 3A68     		ldr	r2, [r7]
 310 001a 1A60     		str	r2, [r3]
 214:.\Generated_Source\PSoC4/I2CS_I2C_SLAVE.c ****         I2CS_slRdBufIndex    = 0u;                       /* Clear buffer index  */
 311              		.loc 1 214 0
 312 001c 064B     		ldr	r3, .L21+8
 313 001e 0022     		mov	r2, #0
 314 0020 1A60     		str	r2, [r3]
 215:.\Generated_Source\PSoC4/I2CS_I2C_SLAVE.c ****         I2CS_slRdBufIndexTmp = 0u;                       /* Clear buffer index  */
 315              		.loc 1 215 0
 316 0022 064B     		ldr	r3, .L21+12
 317 0024 0022     		mov	r2, #0
 318 0026 1A60     		str	r2, [r3]
 319              	.L19:
 216:.\Generated_Source\PSoC4/I2CS_I2C_SLAVE.c ****     }
 217:.\Generated_Source\PSoC4/I2CS_I2C_SLAVE.c **** }
 320              		.loc 1 217 0
 321 0028 BD46     		mov	sp, r7
 322 002a 02B0     		add	sp, sp, #8
 323              		@ sp needed for prologue
 324 002c 80BD     		pop	{r7, pc}
 325              	.L22:
 326 002e C046     		.align	2
 327              	.L21:
 328 0030 00000000 		.word	I2CS_slRdBufPtr
 329 0034 00000000 		.word	I2CS_slRdBufSize
 330 0038 00000000 		.word	I2CS_slRdBufIndex
 331 003c 00000000 		.word	I2CS_slRdBufIndexTmp
 332              		.cfi_endproc
 333              	.LFE5:
 334              		.size	I2CS_I2CSlaveInitReadBuf, .-I2CS_I2CSlaveInitReadBuf
 335              		.section	.text.I2CS_I2CSlaveInitWriteBuf,"ax",%progbits
 336              		.align	2
 337              		.global	I2CS_I2CSlaveInitWriteBuf
 338              		.code	16
 339              		.thumb_func
 340              		.type	I2CS_I2CSlaveInitWriteBuf, %function
 341              	I2CS_I2CSlaveInitWriteBuf:
 342              	.LFB6:
 218:.\Generated_Source\PSoC4/I2CS_I2C_SLAVE.c **** 
 219:.\Generated_Source\PSoC4/I2CS_I2C_SLAVE.c **** 
 220:.\Generated_Source\PSoC4/I2CS_I2C_SLAVE.c **** /*******************************************************************************
 221:.\Generated_Source\PSoC4/I2CS_I2C_SLAVE.c **** * Function Name: I2CS_I2CSlaveInitWriteBuf
 222:.\Generated_Source\PSoC4/I2CS_I2C_SLAVE.c **** ********************************************************************************
 223:.\Generated_Source\PSoC4/I2CS_I2C_SLAVE.c **** *
 224:.\Generated_Source\PSoC4/I2CS_I2C_SLAVE.c **** * Summary:
 225:.\Generated_Source\PSoC4/I2CS_I2C_SLAVE.c **** *  Sets the buffer pointer and size of the read buffer. This function also
 226:.\Generated_Source\PSoC4/I2CS_I2C_SLAVE.c **** *  resets the transfer count returned with the I2C_SlaveGetReadBufSize function.
 227:.\Generated_Source\PSoC4/I2CS_I2C_SLAVE.c **** *
 228:.\Generated_Source\PSoC4/I2CS_I2C_SLAVE.c **** * Parameters:
ARM GAS  F:\UTILIS~1\demasson\AppData\Local\Temp\cc4nm93n.s 			page 11


 229:.\Generated_Source\PSoC4/I2CS_I2C_SLAVE.c **** *  writeBuf:  Pointer to the data buffer to be read by the master.
 230:.\Generated_Source\PSoC4/I2CS_I2C_SLAVE.c **** *  bufSize:  Size of the buffer exposed to the I2C master.
 231:.\Generated_Source\PSoC4/I2CS_I2C_SLAVE.c **** *
 232:.\Generated_Source\PSoC4/I2CS_I2C_SLAVE.c **** * Return:
 233:.\Generated_Source\PSoC4/I2CS_I2C_SLAVE.c **** *  None
 234:.\Generated_Source\PSoC4/I2CS_I2C_SLAVE.c **** *
 235:.\Generated_Source\PSoC4/I2CS_I2C_SLAVE.c **** * Global variables:
 236:.\Generated_Source\PSoC4/I2CS_I2C_SLAVE.c **** *  I2CS_slWrBufPtr   - used to store pointer to slave write buffer.
 237:.\Generated_Source\PSoC4/I2CS_I2C_SLAVE.c **** *  I2CS_slWrBufSize  - used to store salve write buffer size.
 238:.\Generated_Source\PSoC4/I2CS_I2C_SLAVE.c **** *  I2CS_slWrBufIndex - used to store current index within slave
 239:.\Generated_Source\PSoC4/I2CS_I2C_SLAVE.c **** *  write buffer.
 240:.\Generated_Source\PSoC4/I2CS_I2C_SLAVE.c **** *
 241:.\Generated_Source\PSoC4/I2CS_I2C_SLAVE.c **** * Side Effects:
 242:.\Generated_Source\PSoC4/I2CS_I2C_SLAVE.c **** *  If this function is called during a bus transaction, data from the previous
 243:.\Generated_Source\PSoC4/I2CS_I2C_SLAVE.c **** *  buffer location and the beginning of current buffer may be transmitted.
 244:.\Generated_Source\PSoC4/I2CS_I2C_SLAVE.c **** *
 245:.\Generated_Source\PSoC4/I2CS_I2C_SLAVE.c **** *******************************************************************************/
 246:.\Generated_Source\PSoC4/I2CS_I2C_SLAVE.c **** void I2CS_I2CSlaveInitWriteBuf(uint8 * wrBuf, uint32 bufSize)
 247:.\Generated_Source\PSoC4/I2CS_I2C_SLAVE.c **** {
 343              		.loc 1 247 0
 344              		.cfi_startproc
 345 0000 80B5     		push	{r7, lr}
 346              	.LCFI17:
 347              		.cfi_def_cfa_offset 8
 348              		.cfi_offset 7, -8
 349              		.cfi_offset 14, -4
 350 0002 82B0     		sub	sp, sp, #8
 351              	.LCFI18:
 352              		.cfi_def_cfa_offset 16
 353 0004 00AF     		add	r7, sp, #0
 354              	.LCFI19:
 355              		.cfi_def_cfa_register 7
 356 0006 7860     		str	r0, [r7, #4]
 357 0008 3960     		str	r1, [r7]
 248:.\Generated_Source\PSoC4/I2CS_I2C_SLAVE.c ****     /* Check buffer pointer */
 249:.\Generated_Source\PSoC4/I2CS_I2C_SLAVE.c ****     if(NULL != wrBuf)
 358              		.loc 1 249 0
 359 000a 7B68     		ldr	r3, [r7, #4]
 360 000c 002B     		cmp	r3, #0
 361 000e 08D0     		beq	.L23
 250:.\Generated_Source\PSoC4/I2CS_I2C_SLAVE.c ****     {
 251:.\Generated_Source\PSoC4/I2CS_I2C_SLAVE.c ****         I2CS_slWrBufPtr   = (volatile uint8 *) wrBuf; /* Set buffer pointer  */
 362              		.loc 1 251 0
 363 0010 054B     		ldr	r3, .L25
 364 0012 7A68     		ldr	r2, [r7, #4]
 365 0014 1A60     		str	r2, [r3]
 252:.\Generated_Source\PSoC4/I2CS_I2C_SLAVE.c ****         I2CS_slWrBufSize  = bufSize;                  /* Set buffer size     */
 366              		.loc 1 252 0
 367 0016 054B     		ldr	r3, .L25+4
 368 0018 3A68     		ldr	r2, [r7]
 369 001a 1A60     		str	r2, [r3]
 253:.\Generated_Source\PSoC4/I2CS_I2C_SLAVE.c ****         I2CS_slWrBufIndex = 0u;                       /* Clear buffer index  */
 370              		.loc 1 253 0
 371 001c 044B     		ldr	r3, .L25+8
 372 001e 0022     		mov	r2, #0
 373 0020 1A60     		str	r2, [r3]
 374              	.L23:
ARM GAS  F:\UTILIS~1\demasson\AppData\Local\Temp\cc4nm93n.s 			page 12


 254:.\Generated_Source\PSoC4/I2CS_I2C_SLAVE.c ****     }
 255:.\Generated_Source\PSoC4/I2CS_I2C_SLAVE.c **** }
 375              		.loc 1 255 0
 376 0022 BD46     		mov	sp, r7
 377 0024 02B0     		add	sp, sp, #8
 378              		@ sp needed for prologue
 379 0026 80BD     		pop	{r7, pc}
 380              	.L26:
 381              		.align	2
 382              	.L25:
 383 0028 00000000 		.word	I2CS_slWrBufPtr
 384 002c 00000000 		.word	I2CS_slWrBufSize
 385 0030 00000000 		.word	I2CS_slWrBufIndex
 386              		.cfi_endproc
 387              	.LFE6:
 388              		.size	I2CS_I2CSlaveInitWriteBuf, .-I2CS_I2CSlaveInitWriteBuf
 389              		.section	.text.I2CS_I2CSlaveGetReadBufSize,"ax",%progbits
 390              		.align	2
 391              		.global	I2CS_I2CSlaveGetReadBufSize
 392              		.code	16
 393              		.thumb_func
 394              		.type	I2CS_I2CSlaveGetReadBufSize, %function
 395              	I2CS_I2CSlaveGetReadBufSize:
 396              	.LFB7:
 256:.\Generated_Source\PSoC4/I2CS_I2C_SLAVE.c **** 
 257:.\Generated_Source\PSoC4/I2CS_I2C_SLAVE.c **** 
 258:.\Generated_Source\PSoC4/I2CS_I2C_SLAVE.c **** /*******************************************************************************
 259:.\Generated_Source\PSoC4/I2CS_I2C_SLAVE.c **** * Function Name: I2CS_I2CSlaveGetReadBufSize
 260:.\Generated_Source\PSoC4/I2CS_I2C_SLAVE.c **** ********************************************************************************
 261:.\Generated_Source\PSoC4/I2CS_I2C_SLAVE.c **** *
 262:.\Generated_Source\PSoC4/I2CS_I2C_SLAVE.c **** * Summary:
 263:.\Generated_Source\PSoC4/I2CS_I2C_SLAVE.c **** *  Returns the number of bytes read by the I2C master since an
 264:.\Generated_Source\PSoC4/I2CS_I2C_SLAVE.c **** *  I2C_SlaveInitReadBuf or I2C_SlaveClearReadBuf function was executed.
 265:.\Generated_Source\PSoC4/I2CS_I2C_SLAVE.c **** *  The maximum return value will be the size of the read buffer.
 266:.\Generated_Source\PSoC4/I2CS_I2C_SLAVE.c **** *
 267:.\Generated_Source\PSoC4/I2CS_I2C_SLAVE.c **** * Parameters:
 268:.\Generated_Source\PSoC4/I2CS_I2C_SLAVE.c **** *  None
 269:.\Generated_Source\PSoC4/I2CS_I2C_SLAVE.c **** *
 270:.\Generated_Source\PSoC4/I2CS_I2C_SLAVE.c **** * Return:
 271:.\Generated_Source\PSoC4/I2CS_I2C_SLAVE.c **** *  Bytes read by master.
 272:.\Generated_Source\PSoC4/I2CS_I2C_SLAVE.c **** *
 273:.\Generated_Source\PSoC4/I2CS_I2C_SLAVE.c **** * Global variables:
 274:.\Generated_Source\PSoC4/I2CS_I2C_SLAVE.c **** *  I2CS_slRdBufIndex - used to store current index within slave
 275:.\Generated_Source\PSoC4/I2CS_I2C_SLAVE.c **** *  read buffer.
 276:.\Generated_Source\PSoC4/I2CS_I2C_SLAVE.c **** *
 277:.\Generated_Source\PSoC4/I2CS_I2C_SLAVE.c **** *******************************************************************************/
 278:.\Generated_Source\PSoC4/I2CS_I2C_SLAVE.c **** uint32 I2CS_I2CSlaveGetReadBufSize(void)
 279:.\Generated_Source\PSoC4/I2CS_I2C_SLAVE.c **** {
 397              		.loc 1 279 0
 398              		.cfi_startproc
 399 0000 80B5     		push	{r7, lr}
 400              	.LCFI20:
 401              		.cfi_def_cfa_offset 8
 402              		.cfi_offset 7, -8
 403              		.cfi_offset 14, -4
 404 0002 00AF     		add	r7, sp, #0
 405              	.LCFI21:
ARM GAS  F:\UTILIS~1\demasson\AppData\Local\Temp\cc4nm93n.s 			page 13


 406              		.cfi_def_cfa_register 7
 280:.\Generated_Source\PSoC4/I2CS_I2C_SLAVE.c ****     return(I2CS_slRdBufIndex);
 407              		.loc 1 280 0
 408 0004 024B     		ldr	r3, .L29
 409 0006 1B68     		ldr	r3, [r3]
 281:.\Generated_Source\PSoC4/I2CS_I2C_SLAVE.c **** }
 410              		.loc 1 281 0
 411 0008 181C     		mov	r0, r3
 412 000a BD46     		mov	sp, r7
 413              		@ sp needed for prologue
 414 000c 80BD     		pop	{r7, pc}
 415              	.L30:
 416 000e C046     		.align	2
 417              	.L29:
 418 0010 00000000 		.word	I2CS_slRdBufIndex
 419              		.cfi_endproc
 420              	.LFE7:
 421              		.size	I2CS_I2CSlaveGetReadBufSize, .-I2CS_I2CSlaveGetReadBufSize
 422              		.section	.text.I2CS_I2CSlaveGetWriteBufSize,"ax",%progbits
 423              		.align	2
 424              		.global	I2CS_I2CSlaveGetWriteBufSize
 425              		.code	16
 426              		.thumb_func
 427              		.type	I2CS_I2CSlaveGetWriteBufSize, %function
 428              	I2CS_I2CSlaveGetWriteBufSize:
 429              	.LFB8:
 282:.\Generated_Source\PSoC4/I2CS_I2C_SLAVE.c **** 
 283:.\Generated_Source\PSoC4/I2CS_I2C_SLAVE.c **** 
 284:.\Generated_Source\PSoC4/I2CS_I2C_SLAVE.c **** /*******************************************************************************
 285:.\Generated_Source\PSoC4/I2CS_I2C_SLAVE.c **** * Function Name: I2CS_I2CSlaveGetWriteBufSize
 286:.\Generated_Source\PSoC4/I2CS_I2C_SLAVE.c **** ********************************************************************************
 287:.\Generated_Source\PSoC4/I2CS_I2C_SLAVE.c **** *
 288:.\Generated_Source\PSoC4/I2CS_I2C_SLAVE.c **** * Summary:
 289:.\Generated_Source\PSoC4/I2CS_I2C_SLAVE.c **** *  Returns the number of bytes written by the I2C master since an
 290:.\Generated_Source\PSoC4/I2CS_I2C_SLAVE.c **** *  I2C_SlaveInitWriteBuf or I2C_SlaveClearWriteBuf function was executed.
 291:.\Generated_Source\PSoC4/I2CS_I2C_SLAVE.c **** *  The maximum return value will be the size of the write buffer.
 292:.\Generated_Source\PSoC4/I2CS_I2C_SLAVE.c **** *
 293:.\Generated_Source\PSoC4/I2CS_I2C_SLAVE.c **** * Parameters:
 294:.\Generated_Source\PSoC4/I2CS_I2C_SLAVE.c **** *  None
 295:.\Generated_Source\PSoC4/I2CS_I2C_SLAVE.c **** *
 296:.\Generated_Source\PSoC4/I2CS_I2C_SLAVE.c **** * Return:
 297:.\Generated_Source\PSoC4/I2CS_I2C_SLAVE.c **** *  Bytes written by master.
 298:.\Generated_Source\PSoC4/I2CS_I2C_SLAVE.c **** *
 299:.\Generated_Source\PSoC4/I2CS_I2C_SLAVE.c **** * Global variables:
 300:.\Generated_Source\PSoC4/I2CS_I2C_SLAVE.c **** *  I2CS_slWrBufIndex - used to store current index within slave
 301:.\Generated_Source\PSoC4/I2CS_I2C_SLAVE.c **** *  write buffer.
 302:.\Generated_Source\PSoC4/I2CS_I2C_SLAVE.c **** *
 303:.\Generated_Source\PSoC4/I2CS_I2C_SLAVE.c **** *******************************************************************************/
 304:.\Generated_Source\PSoC4/I2CS_I2C_SLAVE.c **** uint32 I2CS_I2CSlaveGetWriteBufSize(void)
 305:.\Generated_Source\PSoC4/I2CS_I2C_SLAVE.c **** {
 430              		.loc 1 305 0
 431              		.cfi_startproc
 432 0000 80B5     		push	{r7, lr}
 433              	.LCFI22:
 434              		.cfi_def_cfa_offset 8
 435              		.cfi_offset 7, -8
 436              		.cfi_offset 14, -4
ARM GAS  F:\UTILIS~1\demasson\AppData\Local\Temp\cc4nm93n.s 			page 14


 437 0002 00AF     		add	r7, sp, #0
 438              	.LCFI23:
 439              		.cfi_def_cfa_register 7
 306:.\Generated_Source\PSoC4/I2CS_I2C_SLAVE.c ****     return(I2CS_slWrBufIndex);
 440              		.loc 1 306 0
 441 0004 024B     		ldr	r3, .L33
 442 0006 1B68     		ldr	r3, [r3]
 307:.\Generated_Source\PSoC4/I2CS_I2C_SLAVE.c **** }
 443              		.loc 1 307 0
 444 0008 181C     		mov	r0, r3
 445 000a BD46     		mov	sp, r7
 446              		@ sp needed for prologue
 447 000c 80BD     		pop	{r7, pc}
 448              	.L34:
 449 000e C046     		.align	2
 450              	.L33:
 451 0010 00000000 		.word	I2CS_slWrBufIndex
 452              		.cfi_endproc
 453              	.LFE8:
 454              		.size	I2CS_I2CSlaveGetWriteBufSize, .-I2CS_I2CSlaveGetWriteBufSize
 455              		.section	.text.I2CS_I2CSlaveClearReadBuf,"ax",%progbits
 456              		.align	2
 457              		.global	I2CS_I2CSlaveClearReadBuf
 458              		.code	16
 459              		.thumb_func
 460              		.type	I2CS_I2CSlaveClearReadBuf, %function
 461              	I2CS_I2CSlaveClearReadBuf:
 462              	.LFB9:
 308:.\Generated_Source\PSoC4/I2CS_I2C_SLAVE.c **** 
 309:.\Generated_Source\PSoC4/I2CS_I2C_SLAVE.c **** 
 310:.\Generated_Source\PSoC4/I2CS_I2C_SLAVE.c **** /*******************************************************************************
 311:.\Generated_Source\PSoC4/I2CS_I2C_SLAVE.c **** * Function Name: I2CS_I2CSlaveClearReadBuf
 312:.\Generated_Source\PSoC4/I2CS_I2C_SLAVE.c **** ********************************************************************************
 313:.\Generated_Source\PSoC4/I2CS_I2C_SLAVE.c **** *
 314:.\Generated_Source\PSoC4/I2CS_I2C_SLAVE.c **** * Summary:
 315:.\Generated_Source\PSoC4/I2CS_I2C_SLAVE.c **** *  Resets the read pointer to the first byte in the read buffer. The next byte
 316:.\Generated_Source\PSoC4/I2CS_I2C_SLAVE.c **** *  read by the master will be the first byte in the read buffer.
 317:.\Generated_Source\PSoC4/I2CS_I2C_SLAVE.c **** *
 318:.\Generated_Source\PSoC4/I2CS_I2C_SLAVE.c **** * Parameters:
 319:.\Generated_Source\PSoC4/I2CS_I2C_SLAVE.c **** *  None
 320:.\Generated_Source\PSoC4/I2CS_I2C_SLAVE.c **** *
 321:.\Generated_Source\PSoC4/I2CS_I2C_SLAVE.c **** * Return:
 322:.\Generated_Source\PSoC4/I2CS_I2C_SLAVE.c **** *  None
 323:.\Generated_Source\PSoC4/I2CS_I2C_SLAVE.c **** *
 324:.\Generated_Source\PSoC4/I2CS_I2C_SLAVE.c **** * Global variables:
 325:.\Generated_Source\PSoC4/I2CS_I2C_SLAVE.c **** *  I2CS_slRdBufIndex - used to store current index within slave
 326:.\Generated_Source\PSoC4/I2CS_I2C_SLAVE.c **** *  read buffer.
 327:.\Generated_Source\PSoC4/I2CS_I2C_SLAVE.c **** *
 328:.\Generated_Source\PSoC4/I2CS_I2C_SLAVE.c **** *******************************************************************************/
 329:.\Generated_Source\PSoC4/I2CS_I2C_SLAVE.c **** void I2CS_I2CSlaveClearReadBuf(void)
 330:.\Generated_Source\PSoC4/I2CS_I2C_SLAVE.c **** {
 463              		.loc 1 330 0
 464              		.cfi_startproc
 465 0000 80B5     		push	{r7, lr}
 466              	.LCFI24:
 467              		.cfi_def_cfa_offset 8
 468              		.cfi_offset 7, -8
ARM GAS  F:\UTILIS~1\demasson\AppData\Local\Temp\cc4nm93n.s 			page 15


 469              		.cfi_offset 14, -4
 470 0002 00AF     		add	r7, sp, #0
 471              	.LCFI25:
 472              		.cfi_def_cfa_register 7
 331:.\Generated_Source\PSoC4/I2CS_I2C_SLAVE.c ****     I2CS_slRdBufIndex = 0u;
 473              		.loc 1 331 0
 474 0004 024B     		ldr	r3, .L36
 475 0006 0022     		mov	r2, #0
 476 0008 1A60     		str	r2, [r3]
 332:.\Generated_Source\PSoC4/I2CS_I2C_SLAVE.c **** }
 477              		.loc 1 332 0
 478 000a BD46     		mov	sp, r7
 479              		@ sp needed for prologue
 480 000c 80BD     		pop	{r7, pc}
 481              	.L37:
 482 000e C046     		.align	2
 483              	.L36:
 484 0010 00000000 		.word	I2CS_slRdBufIndex
 485              		.cfi_endproc
 486              	.LFE9:
 487              		.size	I2CS_I2CSlaveClearReadBuf, .-I2CS_I2CSlaveClearReadBuf
 488              		.section	.text.I2CS_I2CSlaveClearWriteBuf,"ax",%progbits
 489              		.align	2
 490              		.global	I2CS_I2CSlaveClearWriteBuf
 491              		.code	16
 492              		.thumb_func
 493              		.type	I2CS_I2CSlaveClearWriteBuf, %function
 494              	I2CS_I2CSlaveClearWriteBuf:
 495              	.LFB10:
 333:.\Generated_Source\PSoC4/I2CS_I2C_SLAVE.c **** 
 334:.\Generated_Source\PSoC4/I2CS_I2C_SLAVE.c **** 
 335:.\Generated_Source\PSoC4/I2CS_I2C_SLAVE.c **** /*******************************************************************************
 336:.\Generated_Source\PSoC4/I2CS_I2C_SLAVE.c **** * Function Name: I2CS_I2CSlaveClearWriteBuf
 337:.\Generated_Source\PSoC4/I2CS_I2C_SLAVE.c **** ********************************************************************************
 338:.\Generated_Source\PSoC4/I2CS_I2C_SLAVE.c **** *
 339:.\Generated_Source\PSoC4/I2CS_I2C_SLAVE.c **** * Summary:
 340:.\Generated_Source\PSoC4/I2CS_I2C_SLAVE.c **** *  Resets the write pointer to the first byte in the write buffer. The next byte
 341:.\Generated_Source\PSoC4/I2CS_I2C_SLAVE.c **** *  written by the master will be the first byte in the write buffer.
 342:.\Generated_Source\PSoC4/I2CS_I2C_SLAVE.c **** *
 343:.\Generated_Source\PSoC4/I2CS_I2C_SLAVE.c **** * Parameters:
 344:.\Generated_Source\PSoC4/I2CS_I2C_SLAVE.c **** *  None
 345:.\Generated_Source\PSoC4/I2CS_I2C_SLAVE.c **** *
 346:.\Generated_Source\PSoC4/I2CS_I2C_SLAVE.c **** * Return:
 347:.\Generated_Source\PSoC4/I2CS_I2C_SLAVE.c **** *  None
 348:.\Generated_Source\PSoC4/I2CS_I2C_SLAVE.c **** *
 349:.\Generated_Source\PSoC4/I2CS_I2C_SLAVE.c **** * Global variables:
 350:.\Generated_Source\PSoC4/I2CS_I2C_SLAVE.c **** *  I2CS_slWrBufIndex - used to store current index within slave
 351:.\Generated_Source\PSoC4/I2CS_I2C_SLAVE.c **** *  write buffer.
 352:.\Generated_Source\PSoC4/I2CS_I2C_SLAVE.c **** *
 353:.\Generated_Source\PSoC4/I2CS_I2C_SLAVE.c **** *******************************************************************************/
 354:.\Generated_Source\PSoC4/I2CS_I2C_SLAVE.c **** void I2CS_I2CSlaveClearWriteBuf(void)
 355:.\Generated_Source\PSoC4/I2CS_I2C_SLAVE.c **** {
 496              		.loc 1 355 0
 497              		.cfi_startproc
 498 0000 80B5     		push	{r7, lr}
 499              	.LCFI26:
 500              		.cfi_def_cfa_offset 8
ARM GAS  F:\UTILIS~1\demasson\AppData\Local\Temp\cc4nm93n.s 			page 16


 501              		.cfi_offset 7, -8
 502              		.cfi_offset 14, -4
 503 0002 00AF     		add	r7, sp, #0
 504              	.LCFI27:
 505              		.cfi_def_cfa_register 7
 356:.\Generated_Source\PSoC4/I2CS_I2C_SLAVE.c ****     I2CS_slWrBufIndex = 0u;
 506              		.loc 1 356 0
 507 0004 024B     		ldr	r3, .L39
 508 0006 0022     		mov	r2, #0
 509 0008 1A60     		str	r2, [r3]
 357:.\Generated_Source\PSoC4/I2CS_I2C_SLAVE.c **** }
 510              		.loc 1 357 0
 511 000a BD46     		mov	sp, r7
 512              		@ sp needed for prologue
 513 000c 80BD     		pop	{r7, pc}
 514              	.L40:
 515 000e C046     		.align	2
 516              	.L39:
 517 0010 00000000 		.word	I2CS_slWrBufIndex
 518              		.cfi_endproc
 519              	.LFE10:
 520              		.size	I2CS_I2CSlaveClearWriteBuf, .-I2CS_I2CSlaveClearWriteBuf
 521              		.text
 522              	.Letext0:
 523              		.file 2 "./Generated_Source/PSoC4/cytypes.h"
 524              		.section	.debug_info,"",%progbits
 525              	.Ldebug_info0:
 526 0000 15030000 		.4byte	0x315
 527 0004 0200     		.2byte	0x2
 528 0006 00000000 		.4byte	.Ldebug_abbrev0
 529 000a 04       		.byte	0x4
 530 000b 01       		.uleb128 0x1
 531 000c D4020000 		.4byte	.LASF43
 532 0010 01       		.byte	0x1
 533 0011 2D020000 		.4byte	.LASF44
 534 0015 AF010000 		.4byte	.LASF45
 535 0019 00000000 		.4byte	.Ldebug_ranges0+0
 536 001d 00000000 		.4byte	0
 537 0021 00000000 		.4byte	0
 538 0025 00000000 		.4byte	.Ldebug_line0
 539 0029 02       		.uleb128 0x2
 540 002a 01       		.byte	0x1
 541 002b 06       		.byte	0x6
 542 002c 47030000 		.4byte	.LASF0
 543 0030 02       		.uleb128 0x2
 544 0031 01       		.byte	0x1
 545 0032 08       		.byte	0x8
 546 0033 A3000000 		.4byte	.LASF1
 547 0037 02       		.uleb128 0x2
 548 0038 02       		.byte	0x2
 549 0039 05       		.byte	0x5
 550 003a B2020000 		.4byte	.LASF2
 551 003e 02       		.uleb128 0x2
 552 003f 02       		.byte	0x2
 553 0040 07       		.byte	0x7
 554 0041 5F000000 		.4byte	.LASF3
 555 0045 02       		.uleb128 0x2
ARM GAS  F:\UTILIS~1\demasson\AppData\Local\Temp\cc4nm93n.s 			page 17


 556 0046 04       		.byte	0x4
 557 0047 05       		.byte	0x5
 558 0048 1D030000 		.4byte	.LASF4
 559 004c 02       		.uleb128 0x2
 560 004d 04       		.byte	0x4
 561 004e 07       		.byte	0x7
 562 004f CD000000 		.4byte	.LASF5
 563 0053 02       		.uleb128 0x2
 564 0054 08       		.byte	0x8
 565 0055 05       		.byte	0x5
 566 0056 57020000 		.4byte	.LASF6
 567 005a 02       		.uleb128 0x2
 568 005b 08       		.byte	0x8
 569 005c 07       		.byte	0x7
 570 005d 83010000 		.4byte	.LASF7
 571 0061 03       		.uleb128 0x3
 572 0062 04       		.byte	0x4
 573 0063 05       		.byte	0x5
 574 0064 696E7400 		.ascii	"int\000"
 575 0068 02       		.uleb128 0x2
 576 0069 04       		.byte	0x4
 577 006a 07       		.byte	0x7
 578 006b 6E010000 		.4byte	.LASF8
 579 006f 04       		.uleb128 0x4
 580 0070 DF000000 		.4byte	.LASF9
 581 0074 02       		.byte	0x2
 582 0075 5B       		.byte	0x5b
 583 0076 30000000 		.4byte	0x30
 584 007a 04       		.uleb128 0x4
 585 007b 32010000 		.4byte	.LASF10
 586 007f 02       		.byte	0x2
 587 0080 5D       		.byte	0x5d
 588 0081 4C000000 		.4byte	0x4c
 589 0085 02       		.uleb128 0x2
 590 0086 04       		.byte	0x4
 591 0087 04       		.byte	0x4
 592 0088 9D000000 		.4byte	.LASF11
 593 008c 02       		.uleb128 0x2
 594 008d 08       		.byte	0x8
 595 008e 04       		.byte	0x4
 596 008f 1B010000 		.4byte	.LASF12
 597 0093 02       		.uleb128 0x2
 598 0094 01       		.byte	0x1
 599 0095 08       		.byte	0x8
 600 0096 82020000 		.4byte	.LASF13
 601 009a 05       		.uleb128 0x5
 602 009b 6F000000 		.4byte	0x6f
 603 009f 04       		.uleb128 0x4
 604 00a0 0E000000 		.4byte	.LASF14
 605 00a4 02       		.byte	0x2
 606 00a5 F2       		.byte	0xf2
 607 00a6 AA000000 		.4byte	0xaa
 608 00aa 05       		.uleb128 0x5
 609 00ab 7A000000 		.4byte	0x7a
 610 00af 02       		.uleb128 0x2
 611 00b0 04       		.byte	0x4
 612 00b1 07       		.byte	0x7
ARM GAS  F:\UTILIS~1\demasson\AppData\Local\Temp\cc4nm93n.s 			page 18


 613 00b2 24020000 		.4byte	.LASF15
 614 00b6 06       		.uleb128 0x6
 615 00b7 01       		.byte	0x1
 616 00b8 EB000000 		.4byte	.LASF29
 617 00bc 01       		.byte	0x1
 618 00bd 3A       		.byte	0x3a
 619 00be 01       		.byte	0x1
 620 00bf 7A000000 		.4byte	0x7a
 621 00c3 00000000 		.4byte	.LFB0
 622 00c7 14000000 		.4byte	.LFE0
 623 00cb 00000000 		.4byte	.LLST0
 624 00cf 01       		.byte	0x1
 625 00d0 07       		.uleb128 0x7
 626 00d1 01       		.byte	0x1
 627 00d2 2D000000 		.4byte	.LASF16
 628 00d6 01       		.byte	0x1
 629 00d7 52       		.byte	0x52
 630 00d8 01       		.byte	0x1
 631 00d9 7A000000 		.4byte	0x7a
 632 00dd 00000000 		.4byte	.LFB1
 633 00e1 34000000 		.4byte	.LFE1
 634 00e5 2C000000 		.4byte	.LLST1
 635 00e9 01       		.byte	0x1
 636 00ea FD000000 		.4byte	0xfd
 637 00ee 08       		.uleb128 0x8
 638 00ef 72000000 		.4byte	.LASF18
 639 00f3 01       		.byte	0x1
 640 00f4 54       		.byte	0x54
 641 00f5 7A000000 		.4byte	0x7a
 642 00f9 02       		.byte	0x2
 643 00fa 91       		.byte	0x91
 644 00fb 74       		.sleb128 -12
 645 00fc 00       		.byte	0
 646 00fd 07       		.uleb128 0x7
 647 00fe 01       		.byte	0x1
 648 00ff 7F000000 		.4byte	.LASF17
 649 0103 01       		.byte	0x1
 650 0104 70       		.byte	0x70
 651 0105 01       		.byte	0x1
 652 0106 7A000000 		.4byte	0x7a
 653 010a 00000000 		.4byte	.LFB2
 654 010e 34000000 		.4byte	.LFE2
 655 0112 64000000 		.4byte	.LLST2
 656 0116 01       		.byte	0x1
 657 0117 2A010000 		.4byte	0x12a
 658 011b 08       		.uleb128 0x8
 659 011c 72000000 		.4byte	.LASF18
 660 0120 01       		.byte	0x1
 661 0121 72       		.byte	0x72
 662 0122 7A000000 		.4byte	0x7a
 663 0126 02       		.byte	0x2
 664 0127 91       		.byte	0x91
 665 0128 74       		.sleb128 -12
 666 0129 00       		.byte	0
 667 012a 09       		.uleb128 0x9
 668 012b 01       		.byte	0x1
 669 012c 2F030000 		.4byte	.LASF20
ARM GAS  F:\UTILIS~1\demasson\AppData\Local\Temp\cc4nm93n.s 			page 19


 670 0130 01       		.byte	0x1
 671 0131 8B       		.byte	0x8b
 672 0132 01       		.byte	0x1
 673 0133 00000000 		.4byte	.LFB3
 674 0137 34000000 		.4byte	.LFE3
 675 013b 9C000000 		.4byte	.LLST3
 676 013f 01       		.byte	0x1
 677 0140 61010000 		.4byte	0x161
 678 0144 0A       		.uleb128 0xa
 679 0145 7B010000 		.4byte	.LASF22
 680 0149 01       		.byte	0x1
 681 014a 8B       		.byte	0x8b
 682 014b 7A000000 		.4byte	0x7a
 683 014f 02       		.byte	0x2
 684 0150 91       		.byte	0x91
 685 0151 6C       		.sleb128 -20
 686 0152 08       		.uleb128 0x8
 687 0153 26030000 		.4byte	.LASF19
 688 0157 01       		.byte	0x1
 689 0158 8D       		.byte	0x8d
 690 0159 7A000000 		.4byte	0x7a
 691 015d 02       		.byte	0x2
 692 015e 91       		.byte	0x91
 693 015f 74       		.sleb128 -12
 694 0160 00       		.byte	0
 695 0161 09       		.uleb128 0x9
 696 0162 01       		.byte	0x1
 697 0163 B1000000 		.4byte	.LASF21
 698 0167 01       		.byte	0x1
 699 0168 A8       		.byte	0xa8
 700 0169 01       		.byte	0x1
 701 016a 00000000 		.4byte	.LFB4
 702 016e 34000000 		.4byte	.LFE4
 703 0172 D4000000 		.4byte	.LLST4
 704 0176 01       		.byte	0x1
 705 0177 98010000 		.4byte	0x198
 706 017b 0A       		.uleb128 0xa
 707 017c 76030000 		.4byte	.LASF23
 708 0180 01       		.byte	0x1
 709 0181 A8       		.byte	0xa8
 710 0182 7A000000 		.4byte	0x7a
 711 0186 02       		.byte	0x2
 712 0187 91       		.byte	0x91
 713 0188 6C       		.sleb128 -20
 714 0189 08       		.uleb128 0x8
 715 018a 26030000 		.4byte	.LASF19
 716 018e 01       		.byte	0x1
 717 018f AA       		.byte	0xaa
 718 0190 7A000000 		.4byte	0x7a
 719 0194 02       		.byte	0x2
 720 0195 91       		.byte	0x91
 721 0196 74       		.sleb128 -12
 722 0197 00       		.byte	0
 723 0198 09       		.uleb128 0x9
 724 0199 01       		.byte	0x1
 725 019a 14000000 		.4byte	.LASF24
 726 019e 01       		.byte	0x1
ARM GAS  F:\UTILIS~1\demasson\AppData\Local\Temp\cc4nm93n.s 			page 20


 727 019f CF       		.byte	0xcf
 728 01a0 01       		.byte	0x1
 729 01a1 00000000 		.4byte	.LFB5
 730 01a5 40000000 		.4byte	.LFE5
 731 01a9 0C010000 		.4byte	.LLST5
 732 01ad 01       		.byte	0x1
 733 01ae CF010000 		.4byte	0x1cf
 734 01b2 0A       		.uleb128 0xa
 735 01b3 79000000 		.4byte	.LASF25
 736 01b7 01       		.byte	0x1
 737 01b8 CF       		.byte	0xcf
 738 01b9 CF010000 		.4byte	0x1cf
 739 01bd 02       		.byte	0x2
 740 01be 91       		.byte	0x91
 741 01bf 74       		.sleb128 -12
 742 01c0 0A       		.uleb128 0xa
 743 01c1 BC020000 		.4byte	.LASF26
 744 01c5 01       		.byte	0x1
 745 01c6 CF       		.byte	0xcf
 746 01c7 7A000000 		.4byte	0x7a
 747 01cb 02       		.byte	0x2
 748 01cc 91       		.byte	0x91
 749 01cd 70       		.sleb128 -16
 750 01ce 00       		.byte	0
 751 01cf 0B       		.uleb128 0xb
 752 01d0 04       		.byte	0x4
 753 01d1 6F000000 		.4byte	0x6f
 754 01d5 09       		.uleb128 0x9
 755 01d6 01       		.byte	0x1
 756 01d7 54010000 		.4byte	.LASF27
 757 01db 01       		.byte	0x1
 758 01dc F6       		.byte	0xf6
 759 01dd 01       		.byte	0x1
 760 01de 00000000 		.4byte	.LFB6
 761 01e2 34000000 		.4byte	.LFE6
 762 01e6 44010000 		.4byte	.LLST6
 763 01ea 01       		.byte	0x1
 764 01eb 0C020000 		.4byte	0x20c
 765 01ef 0A       		.uleb128 0xa
 766 01f0 E5000000 		.4byte	.LASF28
 767 01f4 01       		.byte	0x1
 768 01f5 F6       		.byte	0xf6
 769 01f6 CF010000 		.4byte	0x1cf
 770 01fa 02       		.byte	0x2
 771 01fb 91       		.byte	0x91
 772 01fc 74       		.sleb128 -12
 773 01fd 0A       		.uleb128 0xa
 774 01fe BC020000 		.4byte	.LASF26
 775 0202 01       		.byte	0x1
 776 0203 F6       		.byte	0xf6
 777 0204 7A000000 		.4byte	0x7a
 778 0208 02       		.byte	0x2
 779 0209 91       		.byte	0x91
 780 020a 70       		.sleb128 -16
 781 020b 00       		.byte	0
 782 020c 0C       		.uleb128 0xc
 783 020d 01       		.byte	0x1
ARM GAS  F:\UTILIS~1\demasson\AppData\Local\Temp\cc4nm93n.s 			page 21


 784 020e FF000000 		.4byte	.LASF30
 785 0212 01       		.byte	0x1
 786 0213 1601     		.2byte	0x116
 787 0215 01       		.byte	0x1
 788 0216 7A000000 		.4byte	0x7a
 789 021a 00000000 		.4byte	.LFB7
 790 021e 14000000 		.4byte	.LFE7
 791 0222 7C010000 		.4byte	.LLST7
 792 0226 01       		.byte	0x1
 793 0227 0C       		.uleb128 0xc
 794 0228 01       		.byte	0x1
 795 0229 65020000 		.4byte	.LASF31
 796 022d 01       		.byte	0x1
 797 022e 3001     		.2byte	0x130
 798 0230 01       		.byte	0x1
 799 0231 7A000000 		.4byte	0x7a
 800 0235 00000000 		.4byte	.LFB8
 801 0239 14000000 		.4byte	.LFE8
 802 023d A8010000 		.4byte	.LLST8
 803 0241 01       		.byte	0x1
 804 0242 0D       		.uleb128 0xd
 805 0243 01       		.byte	0x1
 806 0244 87020000 		.4byte	.LASF32
 807 0248 01       		.byte	0x1
 808 0249 4901     		.2byte	0x149
 809 024b 01       		.byte	0x1
 810 024c 00000000 		.4byte	.LFB9
 811 0250 14000000 		.4byte	.LFE9
 812 0254 D4010000 		.4byte	.LLST9
 813 0258 01       		.byte	0x1
 814 0259 0D       		.uleb128 0xd
 815 025a 01       		.byte	0x1
 816 025b 39010000 		.4byte	.LASF33
 817 025f 01       		.byte	0x1
 818 0260 6201     		.2byte	0x162
 819 0262 01       		.byte	0x1
 820 0263 00000000 		.4byte	.LFB10
 821 0267 14000000 		.4byte	.LFE10
 822 026b 00020000 		.4byte	.LLST10
 823 026f 01       		.byte	0x1
 824 0270 0E       		.uleb128 0xe
 825 0271 00000000 		.4byte	.LASF34
 826 0275 01       		.byte	0x1
 827 0276 1A       		.byte	0x1a
 828 0277 9A000000 		.4byte	0x9a
 829 027b 01       		.byte	0x1
 830 027c 05       		.byte	0x5
 831 027d 03       		.byte	0x3
 832 027e 00000000 		.4byte	I2CS_slStatus
 833 0282 0E       		.uleb128 0xe
 834 0283 C4020000 		.4byte	.LASF35
 835 0287 01       		.byte	0x1
 836 0288 1D       		.byte	0x1d
 837 0289 94020000 		.4byte	0x294
 838 028d 01       		.byte	0x1
 839 028e 05       		.byte	0x5
 840 028f 03       		.byte	0x3
ARM GAS  F:\UTILIS~1\demasson\AppData\Local\Temp\cc4nm93n.s 			page 22


 841 0290 00000000 		.4byte	I2CS_slWrBufPtr
 842 0294 0B       		.uleb128 0xb
 843 0295 04       		.byte	0x4
 844 0296 9A000000 		.4byte	0x9a
 845 029a 0E       		.uleb128 0xe
 846 029b A1020000 		.4byte	.LASF36
 847 029f 01       		.byte	0x1
 848 02a0 1E       		.byte	0x1e
 849 02a1 AA000000 		.4byte	0xaa
 850 02a5 01       		.byte	0x1
 851 02a6 05       		.byte	0x5
 852 02a7 03       		.byte	0x3
 853 02a8 00000000 		.4byte	I2CS_slWrBufSize
 854 02ac 0E       		.uleb128 0xe
 855 02ad 53030000 		.4byte	.LASF37
 856 02b1 01       		.byte	0x1
 857 02b2 1F       		.byte	0x1f
 858 02b3 AA000000 		.4byte	0xaa
 859 02b7 01       		.byte	0x1
 860 02b8 05       		.byte	0x5
 861 02b9 03       		.byte	0x3
 862 02ba 00000000 		.4byte	I2CS_slWrBufIndex
 863 02be 0E       		.uleb128 0xe
 864 02bf 22010000 		.4byte	.LASF38
 865 02c3 01       		.byte	0x1
 866 02c4 22       		.byte	0x22
 867 02c5 94020000 		.4byte	0x294
 868 02c9 01       		.byte	0x1
 869 02ca 05       		.byte	0x5
 870 02cb 03       		.byte	0x3
 871 02cc 00000000 		.4byte	I2CS_slRdBufPtr
 872 02d0 0E       		.uleb128 0xe
 873 02d1 65030000 		.4byte	.LASF39
 874 02d5 01       		.byte	0x1
 875 02d6 23       		.byte	0x23
 876 02d7 AA000000 		.4byte	0xaa
 877 02db 01       		.byte	0x1
 878 02dc 05       		.byte	0x5
 879 02dd 03       		.byte	0x3
 880 02de 00000000 		.4byte	I2CS_slRdBufSize
 881 02e2 0E       		.uleb128 0xe
 882 02e3 12020000 		.4byte	.LASF40
 883 02e7 01       		.byte	0x1
 884 02e8 24       		.byte	0x24
 885 02e9 AA000000 		.4byte	0xaa
 886 02ed 01       		.byte	0x1
 887 02ee 05       		.byte	0x5
 888 02ef 03       		.byte	0x3
 889 02f0 00000000 		.4byte	I2CS_slRdBufIndex
 890 02f4 0E       		.uleb128 0xe
 891 02f5 9A010000 		.4byte	.LASF41
 892 02f9 01       		.byte	0x1
 893 02fa 25       		.byte	0x25
 894 02fb AA000000 		.4byte	0xaa
 895 02ff 01       		.byte	0x1
 896 0300 05       		.byte	0x5
 897 0301 03       		.byte	0x3
ARM GAS  F:\UTILIS~1\demasson\AppData\Local\Temp\cc4nm93n.s 			page 23


 898 0302 00000000 		.4byte	I2CS_slRdBufIndexTmp
 899 0306 0E       		.uleb128 0xe
 900 0307 4A000000 		.4byte	.LASF42
 901 030b 01       		.byte	0x1
 902 030c 26       		.byte	0x26
 903 030d 9A000000 		.4byte	0x9a
 904 0311 01       		.byte	0x1
 905 0312 05       		.byte	0x5
 906 0313 03       		.byte	0x3
 907 0314 00000000 		.4byte	I2CS_slOverFlowCount
 908 0318 00       		.byte	0
 909              		.section	.debug_abbrev,"",%progbits
 910              	.Ldebug_abbrev0:
 911 0000 01       		.uleb128 0x1
 912 0001 11       		.uleb128 0x11
 913 0002 01       		.byte	0x1
 914 0003 25       		.uleb128 0x25
 915 0004 0E       		.uleb128 0xe
 916 0005 13       		.uleb128 0x13
 917 0006 0B       		.uleb128 0xb
 918 0007 03       		.uleb128 0x3
 919 0008 0E       		.uleb128 0xe
 920 0009 1B       		.uleb128 0x1b
 921 000a 0E       		.uleb128 0xe
 922 000b 55       		.uleb128 0x55
 923 000c 06       		.uleb128 0x6
 924 000d 11       		.uleb128 0x11
 925 000e 01       		.uleb128 0x1
 926 000f 52       		.uleb128 0x52
 927 0010 01       		.uleb128 0x1
 928 0011 10       		.uleb128 0x10
 929 0012 06       		.uleb128 0x6
 930 0013 00       		.byte	0
 931 0014 00       		.byte	0
 932 0015 02       		.uleb128 0x2
 933 0016 24       		.uleb128 0x24
 934 0017 00       		.byte	0
 935 0018 0B       		.uleb128 0xb
 936 0019 0B       		.uleb128 0xb
 937 001a 3E       		.uleb128 0x3e
 938 001b 0B       		.uleb128 0xb
 939 001c 03       		.uleb128 0x3
 940 001d 0E       		.uleb128 0xe
 941 001e 00       		.byte	0
 942 001f 00       		.byte	0
 943 0020 03       		.uleb128 0x3
 944 0021 24       		.uleb128 0x24
 945 0022 00       		.byte	0
 946 0023 0B       		.uleb128 0xb
 947 0024 0B       		.uleb128 0xb
 948 0025 3E       		.uleb128 0x3e
 949 0026 0B       		.uleb128 0xb
 950 0027 03       		.uleb128 0x3
 951 0028 08       		.uleb128 0x8
 952 0029 00       		.byte	0
 953 002a 00       		.byte	0
 954 002b 04       		.uleb128 0x4
ARM GAS  F:\UTILIS~1\demasson\AppData\Local\Temp\cc4nm93n.s 			page 24


 955 002c 16       		.uleb128 0x16
 956 002d 00       		.byte	0
 957 002e 03       		.uleb128 0x3
 958 002f 0E       		.uleb128 0xe
 959 0030 3A       		.uleb128 0x3a
 960 0031 0B       		.uleb128 0xb
 961 0032 3B       		.uleb128 0x3b
 962 0033 0B       		.uleb128 0xb
 963 0034 49       		.uleb128 0x49
 964 0035 13       		.uleb128 0x13
 965 0036 00       		.byte	0
 966 0037 00       		.byte	0
 967 0038 05       		.uleb128 0x5
 968 0039 35       		.uleb128 0x35
 969 003a 00       		.byte	0
 970 003b 49       		.uleb128 0x49
 971 003c 13       		.uleb128 0x13
 972 003d 00       		.byte	0
 973 003e 00       		.byte	0
 974 003f 06       		.uleb128 0x6
 975 0040 2E       		.uleb128 0x2e
 976 0041 00       		.byte	0
 977 0042 3F       		.uleb128 0x3f
 978 0043 0C       		.uleb128 0xc
 979 0044 03       		.uleb128 0x3
 980 0045 0E       		.uleb128 0xe
 981 0046 3A       		.uleb128 0x3a
 982 0047 0B       		.uleb128 0xb
 983 0048 3B       		.uleb128 0x3b
 984 0049 0B       		.uleb128 0xb
 985 004a 27       		.uleb128 0x27
 986 004b 0C       		.uleb128 0xc
 987 004c 49       		.uleb128 0x49
 988 004d 13       		.uleb128 0x13
 989 004e 11       		.uleb128 0x11
 990 004f 01       		.uleb128 0x1
 991 0050 12       		.uleb128 0x12
 992 0051 01       		.uleb128 0x1
 993 0052 40       		.uleb128 0x40
 994 0053 06       		.uleb128 0x6
 995 0054 9742     		.uleb128 0x2117
 996 0056 0C       		.uleb128 0xc
 997 0057 00       		.byte	0
 998 0058 00       		.byte	0
 999 0059 07       		.uleb128 0x7
 1000 005a 2E       		.uleb128 0x2e
 1001 005b 01       		.byte	0x1
 1002 005c 3F       		.uleb128 0x3f
 1003 005d 0C       		.uleb128 0xc
 1004 005e 03       		.uleb128 0x3
 1005 005f 0E       		.uleb128 0xe
 1006 0060 3A       		.uleb128 0x3a
 1007 0061 0B       		.uleb128 0xb
 1008 0062 3B       		.uleb128 0x3b
 1009 0063 0B       		.uleb128 0xb
 1010 0064 27       		.uleb128 0x27
 1011 0065 0C       		.uleb128 0xc
ARM GAS  F:\UTILIS~1\demasson\AppData\Local\Temp\cc4nm93n.s 			page 25


 1012 0066 49       		.uleb128 0x49
 1013 0067 13       		.uleb128 0x13
 1014 0068 11       		.uleb128 0x11
 1015 0069 01       		.uleb128 0x1
 1016 006a 12       		.uleb128 0x12
 1017 006b 01       		.uleb128 0x1
 1018 006c 40       		.uleb128 0x40
 1019 006d 06       		.uleb128 0x6
 1020 006e 9742     		.uleb128 0x2117
 1021 0070 0C       		.uleb128 0xc
 1022 0071 01       		.uleb128 0x1
 1023 0072 13       		.uleb128 0x13
 1024 0073 00       		.byte	0
 1025 0074 00       		.byte	0
 1026 0075 08       		.uleb128 0x8
 1027 0076 34       		.uleb128 0x34
 1028 0077 00       		.byte	0
 1029 0078 03       		.uleb128 0x3
 1030 0079 0E       		.uleb128 0xe
 1031 007a 3A       		.uleb128 0x3a
 1032 007b 0B       		.uleb128 0xb
 1033 007c 3B       		.uleb128 0x3b
 1034 007d 0B       		.uleb128 0xb
 1035 007e 49       		.uleb128 0x49
 1036 007f 13       		.uleb128 0x13
 1037 0080 02       		.uleb128 0x2
 1038 0081 0A       		.uleb128 0xa
 1039 0082 00       		.byte	0
 1040 0083 00       		.byte	0
 1041 0084 09       		.uleb128 0x9
 1042 0085 2E       		.uleb128 0x2e
 1043 0086 01       		.byte	0x1
 1044 0087 3F       		.uleb128 0x3f
 1045 0088 0C       		.uleb128 0xc
 1046 0089 03       		.uleb128 0x3
 1047 008a 0E       		.uleb128 0xe
 1048 008b 3A       		.uleb128 0x3a
 1049 008c 0B       		.uleb128 0xb
 1050 008d 3B       		.uleb128 0x3b
 1051 008e 0B       		.uleb128 0xb
 1052 008f 27       		.uleb128 0x27
 1053 0090 0C       		.uleb128 0xc
 1054 0091 11       		.uleb128 0x11
 1055 0092 01       		.uleb128 0x1
 1056 0093 12       		.uleb128 0x12
 1057 0094 01       		.uleb128 0x1
 1058 0095 40       		.uleb128 0x40
 1059 0096 06       		.uleb128 0x6
 1060 0097 9742     		.uleb128 0x2117
 1061 0099 0C       		.uleb128 0xc
 1062 009a 01       		.uleb128 0x1
 1063 009b 13       		.uleb128 0x13
 1064 009c 00       		.byte	0
 1065 009d 00       		.byte	0
 1066 009e 0A       		.uleb128 0xa
 1067 009f 05       		.uleb128 0x5
 1068 00a0 00       		.byte	0
ARM GAS  F:\UTILIS~1\demasson\AppData\Local\Temp\cc4nm93n.s 			page 26


 1069 00a1 03       		.uleb128 0x3
 1070 00a2 0E       		.uleb128 0xe
 1071 00a3 3A       		.uleb128 0x3a
 1072 00a4 0B       		.uleb128 0xb
 1073 00a5 3B       		.uleb128 0x3b
 1074 00a6 0B       		.uleb128 0xb
 1075 00a7 49       		.uleb128 0x49
 1076 00a8 13       		.uleb128 0x13
 1077 00a9 02       		.uleb128 0x2
 1078 00aa 0A       		.uleb128 0xa
 1079 00ab 00       		.byte	0
 1080 00ac 00       		.byte	0
 1081 00ad 0B       		.uleb128 0xb
 1082 00ae 0F       		.uleb128 0xf
 1083 00af 00       		.byte	0
 1084 00b0 0B       		.uleb128 0xb
 1085 00b1 0B       		.uleb128 0xb
 1086 00b2 49       		.uleb128 0x49
 1087 00b3 13       		.uleb128 0x13
 1088 00b4 00       		.byte	0
 1089 00b5 00       		.byte	0
 1090 00b6 0C       		.uleb128 0xc
 1091 00b7 2E       		.uleb128 0x2e
 1092 00b8 00       		.byte	0
 1093 00b9 3F       		.uleb128 0x3f
 1094 00ba 0C       		.uleb128 0xc
 1095 00bb 03       		.uleb128 0x3
 1096 00bc 0E       		.uleb128 0xe
 1097 00bd 3A       		.uleb128 0x3a
 1098 00be 0B       		.uleb128 0xb
 1099 00bf 3B       		.uleb128 0x3b
 1100 00c0 05       		.uleb128 0x5
 1101 00c1 27       		.uleb128 0x27
 1102 00c2 0C       		.uleb128 0xc
 1103 00c3 49       		.uleb128 0x49
 1104 00c4 13       		.uleb128 0x13
 1105 00c5 11       		.uleb128 0x11
 1106 00c6 01       		.uleb128 0x1
 1107 00c7 12       		.uleb128 0x12
 1108 00c8 01       		.uleb128 0x1
 1109 00c9 40       		.uleb128 0x40
 1110 00ca 06       		.uleb128 0x6
 1111 00cb 9742     		.uleb128 0x2117
 1112 00cd 0C       		.uleb128 0xc
 1113 00ce 00       		.byte	0
 1114 00cf 00       		.byte	0
 1115 00d0 0D       		.uleb128 0xd
 1116 00d1 2E       		.uleb128 0x2e
 1117 00d2 00       		.byte	0
 1118 00d3 3F       		.uleb128 0x3f
 1119 00d4 0C       		.uleb128 0xc
 1120 00d5 03       		.uleb128 0x3
 1121 00d6 0E       		.uleb128 0xe
 1122 00d7 3A       		.uleb128 0x3a
 1123 00d8 0B       		.uleb128 0xb
 1124 00d9 3B       		.uleb128 0x3b
 1125 00da 05       		.uleb128 0x5
ARM GAS  F:\UTILIS~1\demasson\AppData\Local\Temp\cc4nm93n.s 			page 27


 1126 00db 27       		.uleb128 0x27
 1127 00dc 0C       		.uleb128 0xc
 1128 00dd 11       		.uleb128 0x11
 1129 00de 01       		.uleb128 0x1
 1130 00df 12       		.uleb128 0x12
 1131 00e0 01       		.uleb128 0x1
 1132 00e1 40       		.uleb128 0x40
 1133 00e2 06       		.uleb128 0x6
 1134 00e3 9742     		.uleb128 0x2117
 1135 00e5 0C       		.uleb128 0xc
 1136 00e6 00       		.byte	0
 1137 00e7 00       		.byte	0
 1138 00e8 0E       		.uleb128 0xe
 1139 00e9 34       		.uleb128 0x34
 1140 00ea 00       		.byte	0
 1141 00eb 03       		.uleb128 0x3
 1142 00ec 0E       		.uleb128 0xe
 1143 00ed 3A       		.uleb128 0x3a
 1144 00ee 0B       		.uleb128 0xb
 1145 00ef 3B       		.uleb128 0x3b
 1146 00f0 0B       		.uleb128 0xb
 1147 00f1 49       		.uleb128 0x49
 1148 00f2 13       		.uleb128 0x13
 1149 00f3 3F       		.uleb128 0x3f
 1150 00f4 0C       		.uleb128 0xc
 1151 00f5 02       		.uleb128 0x2
 1152 00f6 0A       		.uleb128 0xa
 1153 00f7 00       		.byte	0
 1154 00f8 00       		.byte	0
 1155 00f9 00       		.byte	0
 1156              		.section	.debug_loc,"",%progbits
 1157              	.Ldebug_loc0:
 1158              	.LLST0:
 1159 0000 00000000 		.4byte	.LFB0
 1160 0004 02000000 		.4byte	.LCFI0
 1161 0008 0200     		.2byte	0x2
 1162 000a 7D       		.byte	0x7d
 1163 000b 00       		.sleb128 0
 1164 000c 02000000 		.4byte	.LCFI0
 1165 0010 04000000 		.4byte	.LCFI1
 1166 0014 0200     		.2byte	0x2
 1167 0016 7D       		.byte	0x7d
 1168 0017 08       		.sleb128 8
 1169 0018 04000000 		.4byte	.LCFI1
 1170 001c 14000000 		.4byte	.LFE0
 1171 0020 0200     		.2byte	0x2
 1172 0022 77       		.byte	0x77
 1173 0023 08       		.sleb128 8
 1174 0024 00000000 		.4byte	0
 1175 0028 00000000 		.4byte	0
 1176              	.LLST1:
 1177 002c 00000000 		.4byte	.LFB1
 1178 0030 02000000 		.4byte	.LCFI2
 1179 0034 0200     		.2byte	0x2
 1180 0036 7D       		.byte	0x7d
 1181 0037 00       		.sleb128 0
 1182 0038 02000000 		.4byte	.LCFI2
ARM GAS  F:\UTILIS~1\demasson\AppData\Local\Temp\cc4nm93n.s 			page 28


 1183 003c 04000000 		.4byte	.LCFI3
 1184 0040 0200     		.2byte	0x2
 1185 0042 7D       		.byte	0x7d
 1186 0043 08       		.sleb128 8
 1187 0044 04000000 		.4byte	.LCFI3
 1188 0048 06000000 		.4byte	.LCFI4
 1189 004c 0200     		.2byte	0x2
 1190 004e 7D       		.byte	0x7d
 1191 004f 10       		.sleb128 16
 1192 0050 06000000 		.4byte	.LCFI4
 1193 0054 34000000 		.4byte	.LFE1
 1194 0058 0200     		.2byte	0x2
 1195 005a 77       		.byte	0x77
 1196 005b 10       		.sleb128 16
 1197 005c 00000000 		.4byte	0
 1198 0060 00000000 		.4byte	0
 1199              	.LLST2:
 1200 0064 00000000 		.4byte	.LFB2
 1201 0068 02000000 		.4byte	.LCFI5
 1202 006c 0200     		.2byte	0x2
 1203 006e 7D       		.byte	0x7d
 1204 006f 00       		.sleb128 0
 1205 0070 02000000 		.4byte	.LCFI5
 1206 0074 04000000 		.4byte	.LCFI6
 1207 0078 0200     		.2byte	0x2
 1208 007a 7D       		.byte	0x7d
 1209 007b 08       		.sleb128 8
 1210 007c 04000000 		.4byte	.LCFI6
 1211 0080 06000000 		.4byte	.LCFI7
 1212 0084 0200     		.2byte	0x2
 1213 0086 7D       		.byte	0x7d
 1214 0087 10       		.sleb128 16
 1215 0088 06000000 		.4byte	.LCFI7
 1216 008c 34000000 		.4byte	.LFE2
 1217 0090 0200     		.2byte	0x2
 1218 0092 77       		.byte	0x77
 1219 0093 10       		.sleb128 16
 1220 0094 00000000 		.4byte	0
 1221 0098 00000000 		.4byte	0
 1222              	.LLST3:
 1223 009c 00000000 		.4byte	.LFB3
 1224 00a0 02000000 		.4byte	.LCFI8
 1225 00a4 0200     		.2byte	0x2
 1226 00a6 7D       		.byte	0x7d
 1227 00a7 00       		.sleb128 0
 1228 00a8 02000000 		.4byte	.LCFI8
 1229 00ac 04000000 		.4byte	.LCFI9
 1230 00b0 0200     		.2byte	0x2
 1231 00b2 7D       		.byte	0x7d
 1232 00b3 08       		.sleb128 8
 1233 00b4 04000000 		.4byte	.LCFI9
 1234 00b8 06000000 		.4byte	.LCFI10
 1235 00bc 0200     		.2byte	0x2
 1236 00be 7D       		.byte	0x7d
 1237 00bf 18       		.sleb128 24
 1238 00c0 06000000 		.4byte	.LCFI10
 1239 00c4 34000000 		.4byte	.LFE3
ARM GAS  F:\UTILIS~1\demasson\AppData\Local\Temp\cc4nm93n.s 			page 29


 1240 00c8 0200     		.2byte	0x2
 1241 00ca 77       		.byte	0x77
 1242 00cb 18       		.sleb128 24
 1243 00cc 00000000 		.4byte	0
 1244 00d0 00000000 		.4byte	0
 1245              	.LLST4:
 1246 00d4 00000000 		.4byte	.LFB4
 1247 00d8 02000000 		.4byte	.LCFI11
 1248 00dc 0200     		.2byte	0x2
 1249 00de 7D       		.byte	0x7d
 1250 00df 00       		.sleb128 0
 1251 00e0 02000000 		.4byte	.LCFI11
 1252 00e4 04000000 		.4byte	.LCFI12
 1253 00e8 0200     		.2byte	0x2
 1254 00ea 7D       		.byte	0x7d
 1255 00eb 08       		.sleb128 8
 1256 00ec 04000000 		.4byte	.LCFI12
 1257 00f0 06000000 		.4byte	.LCFI13
 1258 00f4 0200     		.2byte	0x2
 1259 00f6 7D       		.byte	0x7d
 1260 00f7 18       		.sleb128 24
 1261 00f8 06000000 		.4byte	.LCFI13
 1262 00fc 34000000 		.4byte	.LFE4
 1263 0100 0200     		.2byte	0x2
 1264 0102 77       		.byte	0x77
 1265 0103 18       		.sleb128 24
 1266 0104 00000000 		.4byte	0
 1267 0108 00000000 		.4byte	0
 1268              	.LLST5:
 1269 010c 00000000 		.4byte	.LFB5
 1270 0110 02000000 		.4byte	.LCFI14
 1271 0114 0200     		.2byte	0x2
 1272 0116 7D       		.byte	0x7d
 1273 0117 00       		.sleb128 0
 1274 0118 02000000 		.4byte	.LCFI14
 1275 011c 04000000 		.4byte	.LCFI15
 1276 0120 0200     		.2byte	0x2
 1277 0122 7D       		.byte	0x7d
 1278 0123 08       		.sleb128 8
 1279 0124 04000000 		.4byte	.LCFI15
 1280 0128 06000000 		.4byte	.LCFI16
 1281 012c 0200     		.2byte	0x2
 1282 012e 7D       		.byte	0x7d
 1283 012f 10       		.sleb128 16
 1284 0130 06000000 		.4byte	.LCFI16
 1285 0134 40000000 		.4byte	.LFE5
 1286 0138 0200     		.2byte	0x2
 1287 013a 77       		.byte	0x77
 1288 013b 10       		.sleb128 16
 1289 013c 00000000 		.4byte	0
 1290 0140 00000000 		.4byte	0
 1291              	.LLST6:
 1292 0144 00000000 		.4byte	.LFB6
 1293 0148 02000000 		.4byte	.LCFI17
 1294 014c 0200     		.2byte	0x2
 1295 014e 7D       		.byte	0x7d
 1296 014f 00       		.sleb128 0
ARM GAS  F:\UTILIS~1\demasson\AppData\Local\Temp\cc4nm93n.s 			page 30


 1297 0150 02000000 		.4byte	.LCFI17
 1298 0154 04000000 		.4byte	.LCFI18
 1299 0158 0200     		.2byte	0x2
 1300 015a 7D       		.byte	0x7d
 1301 015b 08       		.sleb128 8
 1302 015c 04000000 		.4byte	.LCFI18
 1303 0160 06000000 		.4byte	.LCFI19
 1304 0164 0200     		.2byte	0x2
 1305 0166 7D       		.byte	0x7d
 1306 0167 10       		.sleb128 16
 1307 0168 06000000 		.4byte	.LCFI19
 1308 016c 34000000 		.4byte	.LFE6
 1309 0170 0200     		.2byte	0x2
 1310 0172 77       		.byte	0x77
 1311 0173 10       		.sleb128 16
 1312 0174 00000000 		.4byte	0
 1313 0178 00000000 		.4byte	0
 1314              	.LLST7:
 1315 017c 00000000 		.4byte	.LFB7
 1316 0180 02000000 		.4byte	.LCFI20
 1317 0184 0200     		.2byte	0x2
 1318 0186 7D       		.byte	0x7d
 1319 0187 00       		.sleb128 0
 1320 0188 02000000 		.4byte	.LCFI20
 1321 018c 04000000 		.4byte	.LCFI21
 1322 0190 0200     		.2byte	0x2
 1323 0192 7D       		.byte	0x7d
 1324 0193 08       		.sleb128 8
 1325 0194 04000000 		.4byte	.LCFI21
 1326 0198 14000000 		.4byte	.LFE7
 1327 019c 0200     		.2byte	0x2
 1328 019e 77       		.byte	0x77
 1329 019f 08       		.sleb128 8
 1330 01a0 00000000 		.4byte	0
 1331 01a4 00000000 		.4byte	0
 1332              	.LLST8:
 1333 01a8 00000000 		.4byte	.LFB8
 1334 01ac 02000000 		.4byte	.LCFI22
 1335 01b0 0200     		.2byte	0x2
 1336 01b2 7D       		.byte	0x7d
 1337 01b3 00       		.sleb128 0
 1338 01b4 02000000 		.4byte	.LCFI22
 1339 01b8 04000000 		.4byte	.LCFI23
 1340 01bc 0200     		.2byte	0x2
 1341 01be 7D       		.byte	0x7d
 1342 01bf 08       		.sleb128 8
 1343 01c0 04000000 		.4byte	.LCFI23
 1344 01c4 14000000 		.4byte	.LFE8
 1345 01c8 0200     		.2byte	0x2
 1346 01ca 77       		.byte	0x77
 1347 01cb 08       		.sleb128 8
 1348 01cc 00000000 		.4byte	0
 1349 01d0 00000000 		.4byte	0
 1350              	.LLST9:
 1351 01d4 00000000 		.4byte	.LFB9
 1352 01d8 02000000 		.4byte	.LCFI24
 1353 01dc 0200     		.2byte	0x2
ARM GAS  F:\UTILIS~1\demasson\AppData\Local\Temp\cc4nm93n.s 			page 31


 1354 01de 7D       		.byte	0x7d
 1355 01df 00       		.sleb128 0
 1356 01e0 02000000 		.4byte	.LCFI24
 1357 01e4 04000000 		.4byte	.LCFI25
 1358 01e8 0200     		.2byte	0x2
 1359 01ea 7D       		.byte	0x7d
 1360 01eb 08       		.sleb128 8
 1361 01ec 04000000 		.4byte	.LCFI25
 1362 01f0 14000000 		.4byte	.LFE9
 1363 01f4 0200     		.2byte	0x2
 1364 01f6 77       		.byte	0x77
 1365 01f7 08       		.sleb128 8
 1366 01f8 00000000 		.4byte	0
 1367 01fc 00000000 		.4byte	0
 1368              	.LLST10:
 1369 0200 00000000 		.4byte	.LFB10
 1370 0204 02000000 		.4byte	.LCFI26
 1371 0208 0200     		.2byte	0x2
 1372 020a 7D       		.byte	0x7d
 1373 020b 00       		.sleb128 0
 1374 020c 02000000 		.4byte	.LCFI26
 1375 0210 04000000 		.4byte	.LCFI27
 1376 0214 0200     		.2byte	0x2
 1377 0216 7D       		.byte	0x7d
 1378 0217 08       		.sleb128 8
 1379 0218 04000000 		.4byte	.LCFI27
 1380 021c 14000000 		.4byte	.LFE10
 1381 0220 0200     		.2byte	0x2
 1382 0222 77       		.byte	0x77
 1383 0223 08       		.sleb128 8
 1384 0224 00000000 		.4byte	0
 1385 0228 00000000 		.4byte	0
 1386              		.section	.debug_aranges,"",%progbits
 1387 0000 6C000000 		.4byte	0x6c
 1388 0004 0200     		.2byte	0x2
 1389 0006 00000000 		.4byte	.Ldebug_info0
 1390 000a 04       		.byte	0x4
 1391 000b 00       		.byte	0
 1392 000c 0000     		.2byte	0
 1393 000e 0000     		.2byte	0
 1394 0010 00000000 		.4byte	.LFB0
 1395 0014 14000000 		.4byte	.LFE0-.LFB0
 1396 0018 00000000 		.4byte	.LFB1
 1397 001c 34000000 		.4byte	.LFE1-.LFB1
 1398 0020 00000000 		.4byte	.LFB2
 1399 0024 34000000 		.4byte	.LFE2-.LFB2
 1400 0028 00000000 		.4byte	.LFB3
 1401 002c 34000000 		.4byte	.LFE3-.LFB3
 1402 0030 00000000 		.4byte	.LFB4
 1403 0034 34000000 		.4byte	.LFE4-.LFB4
 1404 0038 00000000 		.4byte	.LFB5
 1405 003c 40000000 		.4byte	.LFE5-.LFB5
 1406 0040 00000000 		.4byte	.LFB6
 1407 0044 34000000 		.4byte	.LFE6-.LFB6
 1408 0048 00000000 		.4byte	.LFB7
 1409 004c 14000000 		.4byte	.LFE7-.LFB7
 1410 0050 00000000 		.4byte	.LFB8
ARM GAS  F:\UTILIS~1\demasson\AppData\Local\Temp\cc4nm93n.s 			page 32


 1411 0054 14000000 		.4byte	.LFE8-.LFB8
 1412 0058 00000000 		.4byte	.LFB9
 1413 005c 14000000 		.4byte	.LFE9-.LFB9
 1414 0060 00000000 		.4byte	.LFB10
 1415 0064 14000000 		.4byte	.LFE10-.LFB10
 1416 0068 00000000 		.4byte	0
 1417 006c 00000000 		.4byte	0
 1418              		.section	.debug_ranges,"",%progbits
 1419              	.Ldebug_ranges0:
 1420 0000 00000000 		.4byte	.LFB0
 1421 0004 14000000 		.4byte	.LFE0
 1422 0008 00000000 		.4byte	.LFB1
 1423 000c 34000000 		.4byte	.LFE1
 1424 0010 00000000 		.4byte	.LFB2
 1425 0014 34000000 		.4byte	.LFE2
 1426 0018 00000000 		.4byte	.LFB3
 1427 001c 34000000 		.4byte	.LFE3
 1428 0020 00000000 		.4byte	.LFB4
 1429 0024 34000000 		.4byte	.LFE4
 1430 0028 00000000 		.4byte	.LFB5
 1431 002c 40000000 		.4byte	.LFE5
 1432 0030 00000000 		.4byte	.LFB6
 1433 0034 34000000 		.4byte	.LFE6
 1434 0038 00000000 		.4byte	.LFB7
 1435 003c 14000000 		.4byte	.LFE7
 1436 0040 00000000 		.4byte	.LFB8
 1437 0044 14000000 		.4byte	.LFE8
 1438 0048 00000000 		.4byte	.LFB9
 1439 004c 14000000 		.4byte	.LFE9
 1440 0050 00000000 		.4byte	.LFB10
 1441 0054 14000000 		.4byte	.LFE10
 1442 0058 00000000 		.4byte	0
 1443 005c 00000000 		.4byte	0
 1444              		.section	.debug_line,"",%progbits
 1445              	.Ldebug_line0:
 1446 0000 29010000 		.section	.debug_str,"MS",%progbits,1
 1446      02004D00 
 1446      00000201 
 1446      FB0E0D00 
 1446      01010101 
 1447              	.LASF34:
 1448 0000 49324353 		.ascii	"I2CS_slStatus\000"
 1448      5F736C53 
 1448      74617475 
 1448      7300
 1449              	.LASF14:
 1450 000e 72656733 		.ascii	"reg32\000"
 1450      3200
 1451              	.LASF24:
 1452 0014 49324353 		.ascii	"I2CS_I2CSlaveInitReadBuf\000"
 1452      5F493243 
 1452      536C6176 
 1452      65496E69 
 1452      74526561 
 1453              	.LASF16:
 1454 002d 49324353 		.ascii	"I2CS_I2CSlaveClearReadStatus\000"
 1454      5F493243 
ARM GAS  F:\UTILIS~1\demasson\AppData\Local\Temp\cc4nm93n.s 			page 33


 1454      536C6176 
 1454      65436C65 
 1454      61725265 
 1455              	.LASF42:
 1456 004a 49324353 		.ascii	"I2CS_slOverFlowCount\000"
 1456      5F736C4F 
 1456      76657246 
 1456      6C6F7743 
 1456      6F756E74 
 1457              	.LASF3:
 1458 005f 73686F72 		.ascii	"short unsigned int\000"
 1458      7420756E 
 1458      7369676E 
 1458      65642069 
 1458      6E7400
 1459              	.LASF18:
 1460 0072 73746174 		.ascii	"status\000"
 1460      757300
 1461              	.LASF25:
 1462 0079 72644275 		.ascii	"rdBuf\000"
 1462      6600
 1463              	.LASF17:
 1464 007f 49324353 		.ascii	"I2CS_I2CSlaveClearWriteStatus\000"
 1464      5F493243 
 1464      536C6176 
 1464      65436C65 
 1464      61725772 
 1465              	.LASF11:
 1466 009d 666C6F61 		.ascii	"float\000"
 1466      7400
 1467              	.LASF1:
 1468 00a3 756E7369 		.ascii	"unsigned char\000"
 1468      676E6564 
 1468      20636861 
 1468      7200
 1469              	.LASF21:
 1470 00b1 49324353 		.ascii	"I2CS_I2CSlaveSetAddressMask\000"
 1470      5F493243 
 1470      536C6176 
 1470      65536574 
 1470      41646472 
 1471              	.LASF5:
 1472 00cd 6C6F6E67 		.ascii	"long unsigned int\000"
 1472      20756E73 
 1472      69676E65 
 1472      6420696E 
 1472      7400
 1473              	.LASF9:
 1474 00df 75696E74 		.ascii	"uint8\000"
 1474      3800
 1475              	.LASF28:
 1476 00e5 77724275 		.ascii	"wrBuf\000"
 1476      6600
 1477              	.LASF29:
 1478 00eb 49324353 		.ascii	"I2CS_I2CSlaveStatus\000"
 1478      5F493243 
 1478      536C6176 
ARM GAS  F:\UTILIS~1\demasson\AppData\Local\Temp\cc4nm93n.s 			page 34


 1478      65537461 
 1478      74757300 
 1479              	.LASF30:
 1480 00ff 49324353 		.ascii	"I2CS_I2CSlaveGetReadBufSize\000"
 1480      5F493243 
 1480      536C6176 
 1480      65476574 
 1480      52656164 
 1481              	.LASF12:
 1482 011b 646F7562 		.ascii	"double\000"
 1482      6C6500
 1483              	.LASF38:
 1484 0122 49324353 		.ascii	"I2CS_slRdBufPtr\000"
 1484      5F736C52 
 1484      64427566 
 1484      50747200 
 1485              	.LASF10:
 1486 0132 75696E74 		.ascii	"uint32\000"
 1486      333200
 1487              	.LASF33:
 1488 0139 49324353 		.ascii	"I2CS_I2CSlaveClearWriteBuf\000"
 1488      5F493243 
 1488      536C6176 
 1488      65436C65 
 1488      61725772 
 1489              	.LASF27:
 1490 0154 49324353 		.ascii	"I2CS_I2CSlaveInitWriteBuf\000"
 1490      5F493243 
 1490      536C6176 
 1490      65496E69 
 1490      74577269 
 1491              	.LASF8:
 1492 016e 756E7369 		.ascii	"unsigned int\000"
 1492      676E6564 
 1492      20696E74 
 1492      00
 1493              	.LASF22:
 1494 017b 61646472 		.ascii	"address\000"
 1494      65737300 
 1495              	.LASF7:
 1496 0183 6C6F6E67 		.ascii	"long long unsigned int\000"
 1496      206C6F6E 
 1496      6720756E 
 1496      7369676E 
 1496      65642069 
 1497              	.LASF41:
 1498 019a 49324353 		.ascii	"I2CS_slRdBufIndexTmp\000"
 1498      5F736C52 
 1498      64427566 
 1498      496E6465 
 1498      78546D70 
 1499              	.LASF45:
 1500 01af 463A5C55 		.ascii	"F:\\Utilisateurs\\demasson\\Documents\\EPM\\PSoC Cr"
 1500      74696C69 
 1500      73617465 
 1500      7572735C 
 1500      64656D61 
ARM GAS  F:\UTILIS~1\demasson\AppData\Local\Temp\cc4nm93n.s 			page 35


 1501 01dd 6561746F 		.ascii	"eator\\EPM2.0\\EPM_parfait\\EYESAT_EPM\\EYESAT_EPM."
 1501      725C4550 
 1501      4D322E30 
 1501      5C45504D 
 1501      5F706172 
 1502 020c 63796473 		.ascii	"cydsn\000"
 1502      6E00
 1503              	.LASF40:
 1504 0212 49324353 		.ascii	"I2CS_slRdBufIndex\000"
 1504      5F736C52 
 1504      64427566 
 1504      496E6465 
 1504      7800
 1505              	.LASF15:
 1506 0224 73697A65 		.ascii	"sizetype\000"
 1506      74797065 
 1506      00
 1507              	.LASF44:
 1508 022d 2E5C4765 		.ascii	".\\Generated_Source\\PSoC4\\I2CS_I2C_SLAVE.c\000"
 1508      6E657261 
 1508      7465645F 
 1508      536F7572 
 1508      63655C50 
 1509              	.LASF6:
 1510 0257 6C6F6E67 		.ascii	"long long int\000"
 1510      206C6F6E 
 1510      6720696E 
 1510      7400
 1511              	.LASF31:
 1512 0265 49324353 		.ascii	"I2CS_I2CSlaveGetWriteBufSize\000"
 1512      5F493243 
 1512      536C6176 
 1512      65476574 
 1512      57726974 
 1513              	.LASF13:
 1514 0282 63686172 		.ascii	"char\000"
 1514      00
 1515              	.LASF32:
 1516 0287 49324353 		.ascii	"I2CS_I2CSlaveClearReadBuf\000"
 1516      5F493243 
 1516      536C6176 
 1516      65436C65 
 1516      61725265 
 1517              	.LASF36:
 1518 02a1 49324353 		.ascii	"I2CS_slWrBufSize\000"
 1518      5F736C57 
 1518      72427566 
 1518      53697A65 
 1518      00
 1519              	.LASF2:
 1520 02b2 73686F72 		.ascii	"short int\000"
 1520      7420696E 
 1520      7400
 1521              	.LASF26:
 1522 02bc 62756653 		.ascii	"bufSize\000"
 1522      697A6500 
 1523              	.LASF35:
ARM GAS  F:\UTILIS~1\demasson\AppData\Local\Temp\cc4nm93n.s 			page 36


 1524 02c4 49324353 		.ascii	"I2CS_slWrBufPtr\000"
 1524      5F736C57 
 1524      72427566 
 1524      50747200 
 1525              	.LASF43:
 1526 02d4 474E5520 		.ascii	"GNU C 4.7.3 20130312 (release) [ARM/embedded-4_7-br"
 1526      4320342E 
 1526      372E3320 
 1526      32303133 
 1526      30333132 
 1527 0307 616E6368 		.ascii	"anch revision 196615]\000"
 1527      20726576 
 1527      6973696F 
 1527      6E203139 
 1527      36363135 
 1528              	.LASF4:
 1529 031d 6C6F6E67 		.ascii	"long int\000"
 1529      20696E74 
 1529      00
 1530              	.LASF19:
 1531 0326 6D617463 		.ascii	"matchReg\000"
 1531      68526567 
 1531      00
 1532              	.LASF20:
 1533 032f 49324353 		.ascii	"I2CS_I2CSlaveSetAddress\000"
 1533      5F493243 
 1533      536C6176 
 1533      65536574 
 1533      41646472 
 1534              	.LASF0:
 1535 0347 7369676E 		.ascii	"signed char\000"
 1535      65642063 
 1535      68617200 
 1536              	.LASF37:
 1537 0353 49324353 		.ascii	"I2CS_slWrBufIndex\000"
 1537      5F736C57 
 1537      72427566 
 1537      496E6465 
 1537      7800
 1538              	.LASF39:
 1539 0365 49324353 		.ascii	"I2CS_slRdBufSize\000"
 1539      5F736C52 
 1539      64427566 
 1539      53697A65 
 1539      00
 1540              	.LASF23:
 1541 0376 61646472 		.ascii	"addressMask\000"
 1541      6573734D 
 1541      61736B00 
 1542              		.ident	"GCC: (GNU Tools for ARM Embedded Processors) 4.7.3 20130312 (release) [ARM/embedded-4_7-br
